WORLD_SIZE: 1
MASTER_ADDR: localhost
MASTER_PORT: 29511
RANK: 0
LOCAL_RANK: 0
gpuc01:1863147:1863147 [0] NCCL INFO NCCL_SOCKET_IFNAME set by environment to eth0
gpuc01:1863147:1863147 [0] NCCL INFO Bootstrap : Using eth0:172.28.23.201<0>
gpuc01:1863147:1863147 [0] NCCL INFO NET/Plugin : dlerror=libnccl-net.so: cannot open shared object file: No such file or directory No plugin found (libnccl-net.so), using internal implementation
gpuc01:1863147:1863147 [0] NCCL INFO cudaDriverVersion 12020
NCCL version 2.20.5+cuda11.0
gpuc01:1863147:1867168 [0] NCCL INFO NCCL_IB_DISABLE set by environment to 1.
gpuc01:1863147:1867168 [0] NCCL INFO NCCL_SOCKET_IFNAME set by environment to eth0
gpuc01:1863147:1867168 [0] NCCL INFO NET/Socket : Using [0]eth0:172.28.23.201<0>
gpuc01:1863147:1867168 [0] NCCL INFO Using non-device net plugin version 0
gpuc01:1863147:1867168 [0] NCCL INFO Using network Socket
gpuc01:1863147:1867168 [0] NCCL INFO comm 0x1847dc60 rank 0 nranks 1 cudaDev 0 nvmlDev 0 busId 8b000 commId 0x3b02f9429f55ee7 - Init START
gpuc01:1863147:1867168 [0] NCCL INFO comm 0x1847dc60 rank 0 nRanks 1 nNodes 1 localRanks 1 localRank 0 MNNVL 0
gpuc01:1863147:1867168 [0] NCCL INFO Channel 00/32 :    0
gpuc01:1863147:1867168 [0] NCCL INFO Channel 01/32 :    0
gpuc01:1863147:1867168 [0] NCCL INFO Channel 02/32 :    0
gpuc01:1863147:1867168 [0] NCCL INFO Channel 03/32 :    0
gpuc01:1863147:1867168 [0] NCCL INFO Channel 04/32 :    0
gpuc01:1863147:1867168 [0] NCCL INFO Channel 05/32 :    0
gpuc01:1863147:1867168 [0] NCCL INFO Channel 06/32 :    0
gpuc01:1863147:1867168 [0] NCCL INFO Channel 07/32 :    0
gpuc01:1863147:1867168 [0] NCCL INFO Channel 08/32 :    0
gpuc01:1863147:1867168 [0] NCCL INFO Channel 09/32 :    0
gpuc01:1863147:1867168 [0] NCCL INFO Channel 10/32 :    0
gpuc01:1863147:1867168 [0] NCCL INFO Channel 11/32 :    0
gpuc01:1863147:1867168 [0] NCCL INFO Channel 12/32 :    0
gpuc01:1863147:1867168 [0] NCCL INFO Channel 13/32 :    0
gpuc01:1863147:1867168 [0] NCCL INFO Channel 14/32 :    0
gpuc01:1863147:1867168 [0] NCCL INFO Channel 15/32 :    0
gpuc01:1863147:1867168 [0] NCCL INFO Channel 16/32 :    0
gpuc01:1863147:1867168 [0] NCCL INFO Channel 17/32 :    0
gpuc01:1863147:1867168 [0] NCCL INFO Channel 18/32 :    0
gpuc01:1863147:1867168 [0] NCCL INFO Channel 19/32 :    0
gpuc01:1863147:1867168 [0] NCCL INFO Channel 20/32 :    0
gpuc01:1863147:1867168 [0] NCCL INFO Channel 21/32 :    0
gpuc01:1863147:1867168 [0] NCCL INFO Channel 22/32 :    0
gpuc01:1863147:1867168 [0] NCCL INFO Channel 23/32 :    0
gpuc01:1863147:1867168 [0] NCCL INFO Channel 24/32 :    0
gpuc01:1863147:1867168 [0] NCCL INFO Channel 25/32 :    0
gpuc01:1863147:1867168 [0] NCCL INFO Channel 26/32 :    0
gpuc01:1863147:1867168 [0] NCCL INFO Channel 27/32 :    0
gpuc01:1863147:1867168 [0] NCCL INFO Channel 28/32 :    0
gpuc01:1863147:1867168 [0] NCCL INFO Channel 29/32 :    0
gpuc01:1863147:1867168 [0] NCCL INFO Channel 30/32 :    0
gpuc01:1863147:1867168 [0] NCCL INFO Channel 31/32 :    0
gpuc01:1863147:1867168 [0] NCCL INFO Trees [0] -1/-1/-1->0->-1 [1] -1/-1/-1->0->-1 [2] -1/-1/-1->0->-1 [3] -1/-1/-1->0->-1 [4] -1/-1/-1->0->-1 [5] -1/-1/-1->0->-1 [6] -1/-1/-1->0->-1 [7] -1/-1/-1->0->-1 [8] -1/-1/-1->0->-1 [9] -1/-1/-1->0->-1 [10] -1/-1/-1->0->-1 [11] -1/-1/-1->0->-1 [12] -1/-1/-1->0->-1 [13] -1/-1/-1->0->-1 [14] -1/-1/-1->0->-1 [15] -1/-1/-1->0->-1 [16] -1/-1/-1->0->-1 [17] -1/-1/-1->0->-1 [18] -1/-1/-1->0->-1 [19] -1/-1/-1->0->-1 [20] -1/-1/-1->0->-1 [21] -1/-1/-1->0->-1 [22] -1/-1/-1->0->-1 [23] -1/-1/-1->0->-1 [24] -1/-1/-1->0->-1 [25] -1/-1/-1->0->-1 [26] -1/-1/-1->0->-1 [27] -1/-1/-1->0->-1 [28] -1/-1/-1->0->-1 [29] -1/-1/-1->0->-1 [30] -1/-1/-1->0->-1 [31] -1/-1/-1->0->-1
gpuc01:1863147:1867168 [0] NCCL INFO P2P Chunksize set to 131072
gpuc01:1863147:1867168 [0] NCCL INFO Connected all rings
gpuc01:1863147:1867168 [0] NCCL INFO Connected all trees
gpuc01:1863147:1867168 [0] NCCL INFO 32 coll channels, 0 collnet channels, 0 nvls channels, 32 p2p channels, 32 p2p channels per peer
gpuc01:1863147:1867168 [0] NCCL INFO comm 0x1847dc60 rank 0 nranks 1 cudaDev 0 nvmlDev 0 busId 8b000 commId 0x3b02f9429f55ee7 - Init COMPLETE
