2024-09-18 05:40:24,616 - INFO - Epoch 1, Train Loss: 0.7088, Train RMSE: 1.0426, Val RMSE: 1.1117, Test RMSE: 1.1985, Train MAE: 0.7560, Val MAE: 0.8615, Test MAE: 0.8769, Train R²: -1.0164, Val R²: -1.4099, Test R²: -1.0312
2024-09-18 05:41:05,132 - INFO - Epoch 2, Train Loss: 0.6176, Train RMSE: 1.0243, Val RMSE: 1.0916, Test RMSE: 1.1799, Train MAE: 0.7354, Val MAE: 0.8396, Test MAE: 0.8548, Train R²: -0.9462, Val R²: -1.3235, Test R²: -0.9685
2024-09-18 05:41:48,593 - INFO - Epoch 3, Train Loss: 0.5871, Train RMSE: 1.0249, Val RMSE: 1.0922, Test RMSE: 1.1804, Train MAE: 0.7358, Val MAE: 0.8401, Test MAE: 0.8554, Train R²: -0.9485, Val R²: -1.3258, Test R²: -0.9702
2024-09-18 05:42:29,019 - INFO - Epoch 4, Train Loss: 0.5824, Train RMSE: 1.0115, Val RMSE: 1.0780, Test RMSE: 1.1673, Train MAE: 0.7214, Val MAE: 0.8251, Test MAE: 0.8399, Train R²: -0.8979, Val R²: -1.2657, Test R²: -0.9265
2024-09-18 05:43:08,641 - INFO - Epoch 5, Train Loss: 0.5784, Train RMSE: 1.0131, Val RMSE: 1.0796, Test RMSE: 1.1687, Train MAE: 0.7229, Val MAE: 0.8268, Test MAE: 0.8416, Train R²: -0.9036, Val R²: -1.2726, Test R²: -0.9314
2024-09-18 05:43:48,383 - INFO - Epoch 6, Train Loss: 0.5755, Train RMSE: 1.0139, Val RMSE: 1.0805, Test RMSE: 1.1695, Train MAE: 0.7239, Val MAE: 0.8277, Test MAE: 0.8425, Train R²: -0.9067, Val R²: -1.2762, Test R²: -0.9341
2024-09-18 05:44:28,414 - INFO - Epoch 7, Train Loss: 0.5728, Train RMSE: 1.0124, Val RMSE: 1.0790, Test RMSE: 1.1682, Train MAE: 0.7222, Val MAE: 0.8262, Test MAE: 0.8409, Train R²: -0.9013, Val R²: -1.2701, Test R²: -0.9297
2024-09-18 05:45:08,162 - INFO - Epoch 8, Train Loss: 0.5730, Train RMSE: 1.0089, Val RMSE: 1.0752, Test RMSE: 1.1647, Train MAE: 0.7185, Val MAE: 0.8221, Test MAE: 0.8367, Train R²: -0.8879, Val R²: -1.2541, Test R²: -0.9181
2024-09-18 05:45:46,335 - INFO - Epoch 9, Train Loss: 0.5706, Train RMSE: 1.0012, Val RMSE: 1.0668, Test RMSE: 1.1568, Train MAE: 0.7102, Val MAE: 0.8133, Test MAE: 0.8275, Train R²: -0.8593, Val R²: -1.2188, Test R²: -0.8923
2024-09-18 05:46:33,189 - INFO - Epoch 10, Train Loss: 0.5734, Train RMSE: 0.9996, Val RMSE: 1.0650, Test RMSE: 1.1553, Train MAE: 0.7087, Val MAE: 0.8116, Test MAE: 0.8256, Train R²: -0.8534, Val R²: -1.2117, Test R²: -0.8871
2024-09-18 05:47:12,630 - INFO - Epoch 11, Train Loss: 0.5715, Train RMSE: 0.9936, Val RMSE: 1.0586, Test RMSE: 1.1493, Train MAE: 0.7026, Val MAE: 0.8049, Test MAE: 0.8187, Train R²: -0.8314, Val R²: -1.1851, Test R²: -0.8678
2024-09-18 05:47:53,196 - INFO - Epoch 12, Train Loss: 0.5727, Train RMSE: 0.9939, Val RMSE: 1.0589, Test RMSE: 1.1495, Train MAE: 0.7027, Val MAE: 0.8051, Test MAE: 0.8190, Train R²: -0.8321, Val R²: -1.1862, Test R²: -0.8685
2024-09-18 05:48:41,029 - INFO - Epoch 13, Train Loss: 0.5727, Train RMSE: 0.9835, Val RMSE: 1.0474, Test RMSE: 1.1390, Train MAE: 0.6919, Val MAE: 0.7932, Test MAE: 0.8072, Train R²: -0.7943, Val R²: -1.1392, Test R²: -0.8344
2024-09-18 05:49:20,396 - INFO - Epoch 14, Train Loss: 0.5692, Train RMSE: 0.9759, Val RMSE: 1.0392, Test RMSE: 1.1313, Train MAE: 0.6843, Val MAE: 0.7846, Test MAE: 0.7990, Train R²: -0.7667, Val R²: -1.1055, Test R²: -0.8098
2024-09-18 05:49:59,464 - INFO - Epoch 15, Train Loss: 0.5708, Train RMSE: 0.9818, Val RMSE: 1.0457, Test RMSE: 1.1374, Train MAE: 0.6903, Val MAE: 0.7914, Test MAE: 0.8055, Train R²: -0.7878, Val R²: -1.1322, Test R²: -0.8292
2024-09-18 05:50:43,279 - INFO - Epoch 16, Train Loss: 0.5720, Train RMSE: 0.9851, Val RMSE: 1.0493, Test RMSE: 1.1407, Train MAE: 0.6936, Val MAE: 0.7951, Test MAE: 0.8091, Train R²: -0.7999, Val R²: -1.1468, Test R²: -0.8399
2024-09-18 05:51:22,598 - INFO - Epoch 17, Train Loss: 0.5690, Train RMSE: 0.9813, Val RMSE: 1.0452, Test RMSE: 1.1369, Train MAE: 0.6897, Val MAE: 0.7909, Test MAE: 0.8049, Train R²: -0.7861, Val R²: -1.1299, Test R²: -0.8276
2024-09-18 05:52:00,539 - INFO - Epoch 18, Train Loss: 0.5717, Train RMSE: 0.9771, Val RMSE: 1.0406, Test RMSE: 1.1326, Train MAE: 0.6854, Val MAE: 0.7861, Test MAE: 0.8004, Train R²: -0.7709, Val R²: -1.1112, Test R²: -0.8139
2024-09-18 05:52:41,852 - INFO - Epoch 19, Train Loss: 0.5722, Train RMSE: 0.9750, Val RMSE: 1.0383, Test RMSE: 1.1305, Train MAE: 0.6835, Val MAE: 0.7837, Test MAE: 0.7982, Train R²: -0.7632, Val R²: -1.1019, Test R²: -0.8072
2024-09-18 05:53:20,390 - INFO - Epoch 20, Train Loss: 0.5720, Train RMSE: 0.9751, Val RMSE: 1.0384, Test RMSE: 1.1306, Train MAE: 0.6836, Val MAE: 0.7839, Test MAE: 0.7983, Train R²: -0.7638, Val R²: -1.1024, Test R²: -0.8075
2024-09-18 05:53:59,132 - INFO - Epoch 21, Train Loss: 0.5700, Train RMSE: 0.9671, Val RMSE: 1.0296, Test RMSE: 1.1225, Train MAE: 0.6756, Val MAE: 0.7748, Test MAE: 0.7898, Train R²: -0.7349, Val R²: -1.0669, Test R²: -0.7817
2024-09-18 05:54:38,970 - INFO - Epoch 22, Train Loss: 0.5714, Train RMSE: 0.9721, Val RMSE: 1.0350, Test RMSE: 1.1275, Train MAE: 0.6805, Val MAE: 0.7804, Test MAE: 0.7950, Train R²: -0.7528, Val R²: -1.0887, Test R²: -0.7977
2024-09-18 05:55:17,971 - INFO - Epoch 23, Train Loss: 0.5703, Train RMSE: 0.9699, Val RMSE: 1.0326, Test RMSE: 1.1253, Train MAE: 0.6784, Val MAE: 0.7779, Test MAE: 0.7927, Train R²: -0.7449, Val R²: -1.0789, Test R²: -0.7905
2024-09-18 05:55:57,307 - INFO - Epoch 24, Train Loss: 0.5706, Train RMSE: 0.9643, Val RMSE: 1.0265, Test RMSE: 1.1196, Train MAE: 0.6728, Val MAE: 0.7716, Test MAE: 0.7868, Train R²: -0.7248, Val R²: -1.0544, Test R²: -0.7726
2024-09-18 05:56:34,571 - INFO - Epoch 25, Train Loss: 0.5703, Train RMSE: 0.9613, Val RMSE: 1.0231, Test RMSE: 1.1166, Train MAE: 0.6699, Val MAE: 0.7682, Test MAE: 0.7836, Train R²: -0.7139, Val R²: -1.0410, Test R²: -0.7628
2024-09-18 05:57:11,203 - INFO - Epoch 26, Train Loss: 0.5671, Train RMSE: 0.9667, Val RMSE: 1.0291, Test RMSE: 1.1221, Train MAE: 0.6751, Val MAE: 0.7743, Test MAE: 0.7893, Train R²: -0.7333, Val R²: -1.0651, Test R²: -0.7803
2024-09-18 05:57:47,772 - INFO - Epoch 27, Train Loss: 0.5705, Train RMSE: 0.9618, Val RMSE: 1.0237, Test RMSE: 1.1171, Train MAE: 0.6704, Val MAE: 0.7688, Test MAE: 0.7842, Train R²: -0.7158, Val R²: -1.0435, Test R²: -0.7647
2024-09-18 05:58:34,468 - INFO - Epoch 28, Train Loss: 0.5713, Train RMSE: 0.9601, Val RMSE: 1.0220, Test RMSE: 1.1155, Train MAE: 0.6688, Val MAE: 0.7670, Test MAE: 0.7826, Train R²: -0.7097, Val R²: -1.0364, Test R²: -0.7594
2024-09-18 05:59:12,959 - INFO - Epoch 29, Train Loss: 0.5676, Train RMSE: 0.9565, Val RMSE: 1.0181, Test RMSE: 1.1119, Train MAE: 0.6657, Val MAE: 0.7631, Test MAE: 0.7790, Train R²: -0.6971, Val R²: -1.0210, Test R²: -0.7481
2024-09-18 05:59:51,902 - INFO - Epoch 30, Train Loss: 0.5671, Train RMSE: 0.9555, Val RMSE: 1.0167, Test RMSE: 1.1106, Train MAE: 0.6646, Val MAE: 0.7617, Test MAE: 0.7777, Train R²: -0.6933, Val R²: -1.0154, Test R²: -0.7441
2024-09-18 06:00:31,176 - INFO - Epoch 31, Train Loss: 0.5688, Train RMSE: 0.9518, Val RMSE: 1.0128, Test RMSE: 1.1070, Train MAE: 0.6613, Val MAE: 0.7578, Test MAE: 0.7742, Train R²: -0.6805, Val R²: -1.0000, Test R²: -0.7328
2024-09-18 06:01:10,463 - INFO - Epoch 32, Train Loss: 0.5710, Train RMSE: 0.9542, Val RMSE: 1.0152, Test RMSE: 1.1092, Train MAE: 0.6634, Val MAE: 0.7603, Test MAE: 0.7764, Train R²: -0.6889, Val R²: -1.0097, Test R²: -0.7398
2024-09-18 06:01:49,864 - INFO - Epoch 33, Train Loss: 0.5682, Train RMSE: 0.9491, Val RMSE: 1.0096, Test RMSE: 1.1040, Train MAE: 0.6590, Val MAE: 0.7547, Test MAE: 0.7713, Train R²: -0.6707, Val R²: -0.9874, Test R²: -0.7235
2024-09-18 06:02:34,965 - INFO - Epoch 34, Train Loss: 0.5695, Train RMSE: 0.9438, Val RMSE: 1.0037, Test RMSE: 1.0986, Train MAE: 0.6545, Val MAE: 0.7487, Test MAE: 0.7660, Train R²: -0.6521, Val R²: -0.9641, Test R²: -0.7066
2024-09-18 06:03:13,019 - INFO - Epoch 35, Train Loss: 0.5681, Train RMSE: 0.9394, Val RMSE: 0.9988, Test RMSE: 1.0941, Train MAE: 0.6509, Val MAE: 0.7439, Test MAE: 0.7616, Train R²: -0.6368, Val R²: -0.9450, Test R²: -0.6926
2024-09-18 06:03:50,904 - INFO - Epoch 36, Train Loss: 0.5688, Train RMSE: 0.9397, Val RMSE: 0.9991, Test RMSE: 1.0944, Train MAE: 0.6513, Val MAE: 0.7442, Test MAE: 0.7620, Train R²: -0.6380, Val R²: -0.9464, Test R²: -0.6937
2024-09-18 06:04:31,983 - INFO - Epoch 37, Train Loss: 0.5675, Train RMSE: 0.9372, Val RMSE: 0.9964, Test RMSE: 1.0919, Train MAE: 0.6491, Val MAE: 0.7416, Test MAE: 0.7595, Train R²: -0.6292, Val R²: -0.9356, Test R²: -0.6858
2024-09-18 06:05:10,491 - INFO - Epoch 38, Train Loss: 0.5659, Train RMSE: 0.9338, Val RMSE: 0.9925, Test RMSE: 1.0884, Train MAE: 0.6464, Val MAE: 0.7378, Test MAE: 0.7561, Train R²: -0.6175, Val R²: -0.9208, Test R²: -0.6750
2024-09-18 06:05:48,882 - INFO - Epoch 39, Train Loss: 0.5692, Train RMSE: 0.9355, Val RMSE: 0.9945, Test RMSE: 1.0902, Train MAE: 0.6477, Val MAE: 0.7397, Test MAE: 0.7578, Train R²: -0.6234, Val R²: -0.9283, Test R²: -0.6805
2024-09-18 06:06:36,435 - INFO - Epoch 40, Train Loss: 0.5675, Train RMSE: 0.9360, Val RMSE: 0.9950, Test RMSE: 1.0907, Train MAE: 0.6480, Val MAE: 0.7403, Test MAE: 0.7583, Train R²: -0.6249, Val R²: -0.9305, Test R²: -0.6821
2024-09-18 06:07:14,064 - INFO - Epoch 41, Train Loss: 0.5693, Train RMSE: 0.9382, Val RMSE: 0.9975, Test RMSE: 1.0929, Train MAE: 0.6500, Val MAE: 0.7427, Test MAE: 0.7605, Train R²: -0.6327, Val R²: -0.9401, Test R²: -0.6890
2024-09-18 06:07:51,421 - INFO - Epoch 42, Train Loss: 0.5688, Train RMSE: 0.9357, Val RMSE: 0.9946, Test RMSE: 1.0903, Train MAE: 0.6478, Val MAE: 0.7398, Test MAE: 0.7579, Train R²: -0.6238, Val R²: -0.9288, Test R²: -0.6808
2024-09-18 06:08:30,376 - INFO - Epoch 43, Train Loss: 0.5693, Train RMSE: 0.9353, Val RMSE: 0.9942, Test RMSE: 1.0899, Train MAE: 0.6475, Val MAE: 0.7395, Test MAE: 0.7576, Train R²: -0.6225, Val R²: -0.9272, Test R²: -0.6796
2024-09-18 06:09:08,069 - INFO - Epoch 44, Train Loss: 0.5671, Train RMSE: 0.9353, Val RMSE: 0.9941, Test RMSE: 1.0898, Train MAE: 0.6475, Val MAE: 0.7394, Test MAE: 0.7575, Train R²: -0.6226, Val R²: -0.9269, Test R²: -0.6794
2024-09-18 06:09:45,709 - INFO - Epoch 45, Train Loss: 0.5659, Train RMSE: 0.9294, Val RMSE: 0.9876, Test RMSE: 1.0839, Train MAE: 0.6427, Val MAE: 0.7330, Test MAE: 0.7518, Train R²: -0.6022, Val R²: -0.9018, Test R²: -0.6611
2024-09-18 06:10:25,869 - INFO - Epoch 46, Train Loss: 0.5672, Train RMSE: 0.9294, Val RMSE: 0.9876, Test RMSE: 1.0839, Train MAE: 0.6427, Val MAE: 0.7331, Test MAE: 0.7518, Train R²: -0.6021, Val R²: -0.9018, Test R²: -0.6611
2024-09-18 06:11:03,163 - INFO - Epoch 47, Train Loss: 0.5678, Train RMSE: 0.9255, Val RMSE: 0.9831, Test RMSE: 1.0797, Train MAE: 0.6395, Val MAE: 0.7287, Test MAE: 0.7479, Train R²: -0.5887, Val R²: -0.8844, Test R²: -0.6484
2024-09-18 06:11:40,750 - INFO - Epoch 48, Train Loss: 0.5666, Train RMSE: 0.9251, Val RMSE: 0.9828, Test RMSE: 1.0794, Train MAE: 0.6392, Val MAE: 0.7284, Test MAE: 0.7476, Train R²: -0.5875, Val R²: -0.8832, Test R²: -0.6475
2024-09-18 06:12:18,408 - INFO - Epoch 49, Train Loss: 0.5701, Train RMSE: 0.9275, Val RMSE: 0.9855, Test RMSE: 1.0819, Train MAE: 0.6411, Val MAE: 0.7310, Test MAE: 0.7499, Train R²: -0.5955, Val R²: -0.8935, Test R²: -0.6551
2024-09-18 06:12:56,420 - INFO - Epoch 50, Train Loss: 0.5677, Train RMSE: 0.9275, Val RMSE: 0.9854, Test RMSE: 1.0818, Train MAE: 0.6412, Val MAE: 0.7309, Test MAE: 0.7498, Train R²: -0.5957, Val R²: -0.8931, Test R²: -0.6548
2024-09-18 06:13:33,580 - INFO - Epoch 51, Train Loss: 0.5652, Train RMSE: 0.9241, Val RMSE: 0.9815, Test RMSE: 1.0782, Train MAE: 0.6384, Val MAE: 0.7271, Test MAE: 0.7465, Train R²: -0.5838, Val R²: -0.8782, Test R²: -0.6439
2024-09-18 06:14:11,822 - INFO - Epoch 52, Train Loss: 0.5679, Train RMSE: 0.9237, Val RMSE: 0.9812, Test RMSE: 1.0780, Train MAE: 0.6380, Val MAE: 0.7269, Test MAE: 0.7463, Train R²: -0.5828, Val R²: -0.8773, Test R²: -0.6432
2024-09-18 06:14:49,293 - INFO - Epoch 53, Train Loss: 0.5676, Train RMSE: 0.9244, Val RMSE: 0.9819, Test RMSE: 1.0786, Train MAE: 0.6385, Val MAE: 0.7275, Test MAE: 0.7469, Train R²: -0.5849, Val R²: -0.8798, Test R²: -0.6451
2024-09-18 06:15:38,798 - INFO - Epoch 54, Train Loss: 0.5663, Train RMSE: 0.9212, Val RMSE: 0.9782, Test RMSE: 1.0753, Train MAE: 0.6360, Val MAE: 0.7241, Test MAE: 0.7438, Train R²: -0.5740, Val R²: -0.8659, Test R²: -0.6349
2024-09-18 06:16:16,908 - INFO - Epoch 55, Train Loss: 0.5666, Train RMSE: 0.9231, Val RMSE: 0.9803, Test RMSE: 1.0772, Train MAE: 0.6376, Val MAE: 0.7261, Test MAE: 0.7456, Train R²: -0.5804, Val R²: -0.8739, Test R²: -0.6407
2024-09-18 06:16:54,640 - INFO - Epoch 56, Train Loss: 0.5645, Train RMSE: 0.9212, Val RMSE: 0.9783, Test RMSE: 1.0753, Train MAE: 0.6361, Val MAE: 0.7241, Test MAE: 0.7438, Train R²: -0.5741, Val R²: -0.8660, Test R²: -0.6350
2024-09-18 06:17:34,474 - INFO - Epoch 57, Train Loss: 0.5677, Train RMSE: 0.9218, Val RMSE: 0.9790, Test RMSE: 1.0760, Train MAE: 0.6365, Val MAE: 0.7248, Test MAE: 0.7444, Train R²: -0.5760, Val R²: -0.8687, Test R²: -0.6370
2024-09-18 06:18:12,179 - INFO - Epoch 58, Train Loss: 0.5674, Train RMSE: 0.9213, Val RMSE: 0.9783, Test RMSE: 1.0754, Train MAE: 0.6362, Val MAE: 0.7242, Test MAE: 0.7439, Train R²: -0.5743, Val R²: -0.8663, Test R²: -0.6352
2024-09-18 06:18:49,845 - INFO - Epoch 59, Train Loss: 0.5676, Train RMSE: 0.9194, Val RMSE: 0.9761, Test RMSE: 1.0733, Train MAE: 0.6345, Val MAE: 0.7221, Test MAE: 0.7420, Train R²: -0.5678, Val R²: -0.8578, Test R²: -0.6290
2024-09-18 06:19:36,309 - INFO - Epoch 60, Train Loss: 0.5667, Train RMSE: 0.9184, Val RMSE: 0.9752, Test RMSE: 1.0725, Train MAE: 0.6339, Val MAE: 0.7212, Test MAE: 0.7412, Train R²: -0.5645, Val R²: -0.8543, Test R²: -0.6265
2024-09-18 06:20:13,236 - INFO - Epoch 61, Train Loss: 0.5677, Train RMSE: 0.9186, Val RMSE: 0.9754, Test RMSE: 1.0727, Train MAE: 0.6340, Val MAE: 0.7214, Test MAE: 0.7414, Train R²: -0.5652, Val R²: -0.8550, Test R²: -0.6270
2024-09-18 06:20:49,837 - INFO - Epoch 62, Train Loss: 0.5677, Train RMSE: 0.9183, Val RMSE: 0.9750, Test RMSE: 1.0723, Train MAE: 0.6337, Val MAE: 0.7210, Test MAE: 0.7411, Train R²: -0.5642, Val R²: -0.8535, Test R²: -0.6259
2024-09-18 06:21:34,528 - INFO - Epoch 63, Train Loss: 0.5680, Train RMSE: 0.9190, Val RMSE: 0.9759, Test RMSE: 1.0731, Train MAE: 0.6343, Val MAE: 0.7218, Test MAE: 0.7418, Train R²: -0.5666, Val R²: -0.8569, Test R²: -0.6283
2024-09-18 06:22:12,700 - INFO - Epoch 64, Train Loss: 0.5679, Train RMSE: 0.9181, Val RMSE: 0.9748, Test RMSE: 1.0721, Train MAE: 0.6336, Val MAE: 0.7208, Test MAE: 0.7409, Train R²: -0.5635, Val R²: -0.8527, Test R²: -0.6253
2024-09-18 06:22:51,784 - INFO - Epoch 65, Train Loss: 0.5673, Train RMSE: 0.9176, Val RMSE: 0.9742, Test RMSE: 1.0716, Train MAE: 0.6332, Val MAE: 0.7203, Test MAE: 0.7404, Train R²: -0.5618, Val R²: -0.8506, Test R²: -0.6238
2024-09-18 06:23:30,670 - INFO - Epoch 66, Train Loss: 0.5685, Train RMSE: 0.9196, Val RMSE: 0.9765, Test RMSE: 1.0737, Train MAE: 0.6348, Val MAE: 0.7224, Test MAE: 0.7423, Train R²: -0.5686, Val R²: -0.8591, Test R²: -0.6300
2024-09-18 06:24:09,675 - INFO - Epoch 67, Train Loss: 0.5673, Train RMSE: 0.9169, Val RMSE: 0.9734, Test RMSE: 1.0709, Train MAE: 0.6327, Val MAE: 0.7195, Test MAE: 0.7397, Train R²: -0.5595, Val R²: -0.8475, Test R²: -0.6215
2024-09-18 06:24:49,870 - INFO - Epoch 68, Train Loss: 0.5665, Train RMSE: 0.9182, Val RMSE: 0.9747, Test RMSE: 1.0721, Train MAE: 0.6337, Val MAE: 0.7208, Test MAE: 0.7409, Train R²: -0.5638, Val R²: -0.8526, Test R²: -0.6252
2024-09-18 06:25:30,565 - INFO - Epoch 69, Train Loss: 0.5676, Train RMSE: 0.9173, Val RMSE: 0.9739, Test RMSE: 1.0713, Train MAE: 0.6330, Val MAE: 0.7200, Test MAE: 0.7401, Train R²: -0.5608, Val R²: -0.8493, Test R²: -0.6228
2024-09-18 06:26:15,912 - INFO - Epoch 70, Train Loss: 0.5657, Train RMSE: 0.9172, Val RMSE: 0.9739, Test RMSE: 1.0713, Train MAE: 0.6329, Val MAE: 0.7199, Test MAE: 0.7401, Train R²: -0.5604, Val R²: -0.8492, Test R²: -0.6228
2024-09-18 06:26:54,722 - INFO - Epoch 71, Train Loss: 0.5665, Train RMSE: 0.9168, Val RMSE: 0.9733, Test RMSE: 1.0708, Train MAE: 0.6326, Val MAE: 0.7194, Test MAE: 0.7396, Train R²: -0.5591, Val R²: -0.8470, Test R²: -0.6212
2024-09-18 06:27:42,333 - INFO - Epoch 72, Train Loss: 0.5667, Train RMSE: 0.9165, Val RMSE: 0.9729, Test RMSE: 1.0704, Train MAE: 0.6322, Val MAE: 0.7191, Test MAE: 0.7393, Train R²: -0.5579, Val R²: -0.8457, Test R²: -0.6202
2024-09-18 06:28:21,425 - INFO - Epoch 73, Train Loss: 0.5674, Train RMSE: 0.9168, Val RMSE: 0.9733, Test RMSE: 1.0708, Train MAE: 0.6326, Val MAE: 0.7194, Test MAE: 0.7396, Train R²: -0.5591, Val R²: -0.8472, Test R²: -0.6213
2024-09-18 06:28:59,574 - INFO - Epoch 74, Train Loss: 0.5692, Train RMSE: 0.9169, Val RMSE: 0.9735, Test RMSE: 1.0709, Train MAE: 0.6328, Val MAE: 0.7196, Test MAE: 0.7398, Train R²: -0.5595, Val R²: -0.8477, Test R²: -0.6217
2024-09-18 06:29:38,697 - INFO - Epoch 75, Train Loss: 0.5677, Train RMSE: 0.9151, Val RMSE: 0.9714, Test RMSE: 1.0691, Train MAE: 0.6312, Val MAE: 0.7177, Test MAE: 0.7381, Train R²: -0.5533, Val R²: -0.8400, Test R²: -0.6161
2024-09-18 06:30:17,853 - INFO - Epoch 76, Train Loss: 0.5672, Train RMSE: 0.9155, Val RMSE: 0.9718, Test RMSE: 1.0694, Train MAE: 0.6316, Val MAE: 0.7180, Test MAE: 0.7384, Train R²: -0.5546, Val R²: -0.8414, Test R²: -0.6171
2024-09-18 06:30:57,261 - INFO - Epoch 77, Train Loss: 0.5670, Train RMSE: 0.9156, Val RMSE: 0.9719, Test RMSE: 1.0695, Train MAE: 0.6316, Val MAE: 0.7181, Test MAE: 0.7385, Train R²: -0.5550, Val R²: -0.8419, Test R²: -0.6174
2024-09-18 06:31:38,015 - INFO - Epoch 78, Train Loss: 0.5660, Train RMSE: 0.9145, Val RMSE: 0.9706, Test RMSE: 1.0683, Train MAE: 0.6307, Val MAE: 0.7168, Test MAE: 0.7373, Train R²: -0.5511, Val R²: -0.8367, Test R²: -0.6136
2024-09-18 06:32:17,645 - INFO - Epoch 79, Train Loss: 0.5678, Train RMSE: 0.9152, Val RMSE: 0.9714, Test RMSE: 1.0691, Train MAE: 0.6312, Val MAE: 0.7176, Test MAE: 0.7381, Train R²: -0.5536, Val R²: -0.8400, Test R²: -0.6160
2024-09-18 06:32:57,353 - INFO - Epoch 80, Train Loss: 0.5679, Train RMSE: 0.9150, Val RMSE: 0.9712, Test RMSE: 1.0688, Train MAE: 0.6310, Val MAE: 0.7174, Test MAE: 0.7378, Train R²: -0.5530, Val R²: -0.8390, Test R²: -0.6153
2024-09-18 06:33:36,191 - INFO - Epoch 81, Train Loss: 0.5668, Train RMSE: 0.9147, Val RMSE: 0.9710, Test RMSE: 1.0687, Train MAE: 0.6309, Val MAE: 0.7172, Test MAE: 0.7377, Train R²: -0.5521, Val R²: -0.8383, Test R²: -0.6148
2024-09-18 06:34:16,010 - INFO - Epoch 82, Train Loss: 0.5659, Train RMSE: 0.9148, Val RMSE: 0.9710, Test RMSE: 1.0687, Train MAE: 0.6309, Val MAE: 0.7173, Test MAE: 0.7377, Train R²: -0.5521, Val R²: -0.8384, Test R²: -0.6149
2024-09-18 06:34:55,388 - INFO - Epoch 83, Train Loss: 0.5661, Train RMSE: 0.9146, Val RMSE: 0.9708, Test RMSE: 1.0685, Train MAE: 0.6308, Val MAE: 0.7171, Test MAE: 0.7375, Train R²: -0.5516, Val R²: -0.8377, Test R²: -0.6144
2024-09-18 06:35:42,626 - INFO - Epoch 84, Train Loss: 0.5680, Train RMSE: 0.9155, Val RMSE: 0.9718, Test RMSE: 1.0694, Train MAE: 0.6316, Val MAE: 0.7180, Test MAE: 0.7383, Train R²: -0.5545, Val R²: -0.8412, Test R²: -0.6169
2024-09-18 06:36:22,411 - INFO - Epoch 85, Train Loss: 0.5662, Train RMSE: 0.9152, Val RMSE: 0.9715, Test RMSE: 1.0691, Train MAE: 0.6312, Val MAE: 0.7177, Test MAE: 0.7381, Train R²: -0.5535, Val R²: -0.8401, Test R²: -0.6161
2024-09-18 06:37:02,208 - INFO - Epoch 86, Train Loss: 0.5652, Train RMSE: 0.9154, Val RMSE: 0.9718, Test RMSE: 1.0694, Train MAE: 0.6315, Val MAE: 0.7180, Test MAE: 0.7383, Train R²: -0.5545, Val R²: -0.8413, Test R²: -0.6170
2024-09-18 06:37:50,959 - INFO - Epoch 87, Train Loss: 0.5674, Train RMSE: 0.9155, Val RMSE: 0.9718, Test RMSE: 1.0694, Train MAE: 0.6316, Val MAE: 0.7180, Test MAE: 0.7383, Train R²: -0.5548, Val R²: -0.8413, Test R²: -0.6170
2024-09-18 06:38:30,304 - INFO - Epoch 88, Train Loss: 0.5664, Train RMSE: 0.9153, Val RMSE: 0.9717, Test RMSE: 1.0693, Train MAE: 0.6314, Val MAE: 0.7179, Test MAE: 0.7382, Train R²: -0.5539, Val R²: -0.8408, Test R²: -0.6166
2024-09-18 06:39:10,410 - INFO - Epoch 89, Train Loss: 0.5651, Train RMSE: 0.9148, Val RMSE: 0.9710, Test RMSE: 1.0687, Train MAE: 0.6309, Val MAE: 0.7173, Test MAE: 0.7377, Train R²: -0.5523, Val R²: -0.8385, Test R²: -0.6149
2024-09-18 06:39:47,745 - INFO - Epoch 90, Train Loss: 0.5660, Train RMSE: 0.9149, Val RMSE: 0.9712, Test RMSE: 1.0688, Train MAE: 0.6310, Val MAE: 0.7174, Test MAE: 0.7378, Train R²: -0.5525, Val R²: -0.8391, Test R²: -0.6153
2024-09-18 06:40:27,550 - INFO - Epoch 91, Train Loss: 0.5666, Train RMSE: 0.9154, Val RMSE: 0.9717, Test RMSE: 1.0693, Train MAE: 0.6314, Val MAE: 0.7179, Test MAE: 0.7383, Train R²: -0.5543, Val R²: -0.8411, Test R²: -0.6169
2024-09-18 06:41:06,569 - INFO - Epoch 92, Train Loss: 0.5687, Train RMSE: 0.9147, Val RMSE: 0.9709, Test RMSE: 1.0685, Train MAE: 0.6308, Val MAE: 0.7171, Test MAE: 0.7376, Train R²: -0.5519, Val R²: -0.8379, Test R²: -0.6145
2024-09-18 06:41:44,969 - INFO - Epoch 93, Train Loss: 0.5659, Train RMSE: 0.9146, Val RMSE: 0.9708, Test RMSE: 1.0685, Train MAE: 0.6308, Val MAE: 0.7170, Test MAE: 0.7375, Train R²: -0.5514, Val R²: -0.8376, Test R²: -0.6143
2024-09-18 06:42:33,913 - INFO - Epoch 94, Train Loss: 0.5677, Train RMSE: 0.9147, Val RMSE: 0.9709, Test RMSE: 1.0686, Train MAE: 0.6309, Val MAE: 0.7172, Test MAE: 0.7376, Train R²: -0.5517, Val R²: -0.8381, Test R²: -0.6147
2024-09-18 06:43:14,191 - INFO - Epoch 95, Train Loss: 0.5664, Train RMSE: 0.9154, Val RMSE: 0.9718, Test RMSE: 1.0694, Train MAE: 0.6315, Val MAE: 0.7180, Test MAE: 0.7383, Train R²: -0.5544, Val R²: -0.8413, Test R²: -0.6170
2024-09-18 06:43:51,650 - INFO - Epoch 96, Train Loss: 0.5665, Train RMSE: 0.9141, Val RMSE: 0.9704, Test RMSE: 1.0681, Train MAE: 0.6305, Val MAE: 0.7167, Test MAE: 0.7372, Train R²: -0.5500, Val R²: -0.8361, Test R²: -0.6132
2024-09-18 06:44:31,023 - INFO - Epoch 97, Train Loss: 0.5661, Train RMSE: 0.9148, Val RMSE: 0.9710, Test RMSE: 1.0687, Train MAE: 0.6310, Val MAE: 0.7173, Test MAE: 0.7377, Train R²: -0.5522, Val R²: -0.8385, Test R²: -0.6149
2024-09-18 06:45:08,812 - INFO - Epoch 98, Train Loss: 0.5682, Train RMSE: 0.9141, Val RMSE: 0.9703, Test RMSE: 1.0680, Train MAE: 0.6304, Val MAE: 0.7166, Test MAE: 0.7371, Train R²: -0.5499, Val R²: -0.8357, Test R²: -0.6129
2024-09-18 06:45:46,744 - INFO - Epoch 99, Train Loss: 0.5672, Train RMSE: 0.9142, Val RMSE: 0.9704, Test RMSE: 1.0681, Train MAE: 0.6304, Val MAE: 0.7166, Test MAE: 0.7372, Train R²: -0.5503, Val R²: -0.8360, Test R²: -0.6131
2024-09-18 06:46:32,951 - INFO - Epoch 100, Train Loss: 0.5668, Train RMSE: 0.9137, Val RMSE: 0.9699, Test RMSE: 1.0676, Train MAE: 0.6301, Val MAE: 0.7162, Test MAE: 0.7367, Train R²: -0.5485, Val R²: -0.8341, Test R²: -0.6117
Traceback (most recent call last):
  File "/u/mbanisharifdehkordi/Github/GNN_4_IO/gnn_training121.py", line 477, in <module>
    # Train the model
  File "/u/mbanisharifdehkordi/Github/GNN_4_IO/gnn_training121.py", line 371, in train
    if not update_logs_and_charts:
TypeError: save_plots() takes 7 positional arguments but 11 were given
