2024-09-18 03:36:29,005 - INFO - Epoch 1, Train Loss: 0.6249, Train RMSE: 0.8144, Test RMSE: 0.9267, Train MAE: 0.6084, Test MAE: 0.6121, Train R²: -0.0706, Test R²: -0.0396
2024-09-18 03:36:45,782 - INFO - Epoch 2, Train Loss: 0.6079, Train RMSE: 0.8127, Test RMSE: 0.9253, Train MAE: 0.6076, Test MAE: 0.6119, Train R²: -0.0659, Test R²: -0.0366
2024-09-18 03:37:04,121 - INFO - Epoch 3, Train Loss: 0.6080, Train RMSE: 0.8119, Test RMSE: 0.9245, Train MAE: 0.6076, Test MAE: 0.6117, Train R²: -0.0640, Test R²: -0.0346
2024-09-18 03:37:20,961 - INFO - Epoch 4, Train Loss: 0.6069, Train RMSE: 0.8083, Test RMSE: 0.9216, Train MAE: 0.6075, Test MAE: 0.6120, Train R²: -0.0545, Test R²: -0.0283
2024-09-18 03:37:37,512 - INFO - Epoch 5, Train Loss: 0.6071, Train RMSE: 0.8017, Test RMSE: 0.9174, Train MAE: 0.6078, Test MAE: 0.6138, Train R²: -0.0373, Test R²: -0.0189
2024-09-18 03:37:54,169 - INFO - Epoch 6, Train Loss: 0.6076, Train RMSE: 0.8075, Test RMSE: 0.9211, Train MAE: 0.6067, Test MAE: 0.6118, Train R²: -0.0523, Test R²: -0.0272
2024-09-18 03:38:11,406 - INFO - Epoch 7, Train Loss: 0.6074, Train RMSE: 0.8073, Test RMSE: 0.9210, Train MAE: 0.6067, Test MAE: 0.6116, Train R²: -0.0519, Test R²: -0.0270
2024-09-18 03:38:27,357 - INFO - Epoch 8, Train Loss: 0.6075, Train RMSE: 0.8016, Test RMSE: 0.9169, Train MAE: 0.6073, Test MAE: 0.6137, Train R²: -0.0370, Test R²: -0.0178
2024-09-18 03:38:41,901 - INFO - Epoch 9, Train Loss: 0.6070, Train RMSE: 0.8043, Test RMSE: 0.9188, Train MAE: 0.6070, Test MAE: 0.6124, Train R²: -0.0440, Test R²: -0.0221
2024-09-18 03:38:58,267 - INFO - Epoch 10, Train Loss: 0.6071, Train RMSE: 0.8044, Test RMSE: 0.9190, Train MAE: 0.6069, Test MAE: 0.6124, Train R²: -0.0445, Test R²: -0.0223
2024-09-18 03:39:14,950 - INFO - Epoch 11, Train Loss: 0.6070, Train RMSE: 0.8060, Test RMSE: 0.9201, Train MAE: 0.6067, Test MAE: 0.6118, Train R²: -0.0487, Test R²: -0.0248
2024-09-18 03:39:30,156 - INFO - Epoch 12, Train Loss: 0.6070, Train RMSE: 0.8043, Test RMSE: 0.9187, Train MAE: 0.6069, Test MAE: 0.6124, Train R²: -0.0440, Test R²: -0.0218
2024-09-18 03:39:47,450 - INFO - Epoch 13, Train Loss: 0.6069, Train RMSE: 0.8037, Test RMSE: 0.9183, Train MAE: 0.6070, Test MAE: 0.6125, Train R²: -0.0427, Test R²: -0.0210
2024-09-18 03:40:03,959 - INFO - Epoch 14, Train Loss: 0.6068, Train RMSE: 0.8041, Test RMSE: 0.9186, Train MAE: 0.6069, Test MAE: 0.6124, Train R²: -0.0435, Test R²: -0.0216
2024-09-18 03:40:19,559 - INFO - Epoch 15, Train Loss: 0.6069, Train RMSE: 0.8000, Test RMSE: 0.9157, Train MAE: 0.6076, Test MAE: 0.6143, Train R²: -0.0330, Test R²: -0.0152
2024-09-18 03:40:35,601 - INFO - Epoch 16, Train Loss: 0.6068, Train RMSE: 0.8037, Test RMSE: 0.9182, Train MAE: 0.6070, Test MAE: 0.6125, Train R²: -0.0425, Test R²: -0.0207
2024-09-18 03:40:51,413 - INFO - Epoch 17, Train Loss: 0.6068, Train RMSE: 0.8026, Test RMSE: 0.9175, Train MAE: 0.6072, Test MAE: 0.6131, Train R²: -0.0397, Test R²: -0.0191
2024-09-18 03:41:07,330 - INFO - Epoch 18, Train Loss: 0.6068, Train RMSE: 0.8023, Test RMSE: 0.9172, Train MAE: 0.6073, Test MAE: 0.6132, Train R²: -0.0388, Test R²: -0.0185
2024-09-18 03:41:23,612 - INFO - Epoch 19, Train Loss: 0.6068, Train RMSE: 0.8027, Test RMSE: 0.9176, Train MAE: 0.6071, Test MAE: 0.6130, Train R²: -0.0399, Test R²: -0.0193
2024-09-18 03:41:40,709 - INFO - Epoch 20, Train Loss: 0.6067, Train RMSE: 0.7989, Test RMSE: 0.9150, Train MAE: 0.6080, Test MAE: 0.6150, Train R²: -0.0303, Test R²: -0.0135
2024-09-18 03:41:58,354 - INFO - Epoch 21, Train Loss: 0.6068, Train RMSE: 0.8004, Test RMSE: 0.9160, Train MAE: 0.6075, Test MAE: 0.6142, Train R²: -0.0340, Test R²: -0.0159
2024-09-18 03:42:13,470 - INFO - Epoch 22, Train Loss: 0.6069, Train RMSE: 0.8043, Test RMSE: 0.9188, Train MAE: 0.6070, Test MAE: 0.6124, Train R²: -0.0440, Test R²: -0.0219
2024-09-18 03:42:30,303 - INFO - Epoch 23, Train Loss: 0.6069, Train RMSE: 0.8035, Test RMSE: 0.9182, Train MAE: 0.6070, Test MAE: 0.6126, Train R²: -0.0421, Test R²: -0.0206
2024-09-18 03:42:46,063 - INFO - Epoch 24, Train Loss: 0.6066, Train RMSE: 0.8056, Test RMSE: 0.9196, Train MAE: 0.6067, Test MAE: 0.6118, Train R²: -0.0475, Test R²: -0.0238
2024-09-18 03:43:03,842 - INFO - Epoch 25, Train Loss: 0.6070, Train RMSE: 0.8042, Test RMSE: 0.9186, Train MAE: 0.6069, Test MAE: 0.6123, Train R²: -0.0439, Test R²: -0.0216
2024-09-18 03:43:20,165 - INFO - Epoch 26, Train Loss: 0.6068, Train RMSE: 0.8037, Test RMSE: 0.9182, Train MAE: 0.6070, Test MAE: 0.6125, Train R²: -0.0426, Test R²: -0.0207
2024-09-18 03:43:35,865 - INFO - Epoch 27, Train Loss: 0.6068, Train RMSE: 0.8037, Test RMSE: 0.9183, Train MAE: 0.6070, Test MAE: 0.6125, Train R²: -0.0427, Test R²: -0.0209
2024-09-18 03:43:51,875 - INFO - Epoch 28, Train Loss: 0.6069, Train RMSE: 0.8048, Test RMSE: 0.9191, Train MAE: 0.6068, Test MAE: 0.6120, Train R²: -0.0455, Test R²: -0.0227
2024-09-18 03:44:15,615 - INFO - Epoch 29, Train Loss: 0.6066, Train RMSE: 0.8038, Test RMSE: 0.9184, Train MAE: 0.6070, Test MAE: 0.6124, Train R²: -0.0429, Test R²: -0.0212
2024-09-18 03:44:32,472 - INFO - Epoch 30, Train Loss: 0.6067, Train RMSE: 0.8044, Test RMSE: 0.9187, Train MAE: 0.6069, Test MAE: 0.6122, Train R²: -0.0443, Test R²: -0.0218
2024-09-18 03:44:47,147 - INFO - Epoch 31, Train Loss: 0.6066, Train RMSE: 0.8076, Test RMSE: 0.9211, Train MAE: 0.6064, Test MAE: 0.6112, Train R²: -0.0526, Test R²: -0.0270
2024-09-18 03:45:02,315 - INFO - Epoch 32, Train Loss: 0.6066, Train RMSE: 0.8036, Test RMSE: 0.9182, Train MAE: 0.6070, Test MAE: 0.6125, Train R²: -0.0424, Test R²: -0.0207
2024-09-18 03:45:29,876 - INFO - Epoch 33, Train Loss: 0.6068, Train RMSE: 0.8041, Test RMSE: 0.9186, Train MAE: 0.6069, Test MAE: 0.6123, Train R²: -0.0437, Test R²: -0.0215
2024-09-18 03:45:46,350 - INFO - Epoch 34, Train Loss: 0.6066, Train RMSE: 0.8039, Test RMSE: 0.9184, Train MAE: 0.6070, Test MAE: 0.6124, Train R²: -0.0429, Test R²: -0.0212
2024-09-18 03:46:02,601 - INFO - Epoch 35, Train Loss: 0.6065, Train RMSE: 0.8069, Test RMSE: 0.9206, Train MAE: 0.6066, Test MAE: 0.6114, Train R²: -0.0508, Test R²: -0.0259
2024-09-18 03:46:19,317 - INFO - Epoch 36, Train Loss: 0.6067, Train RMSE: 0.8054, Test RMSE: 0.9195, Train MAE: 0.6067, Test MAE: 0.6119, Train R²: -0.0469, Test R²: -0.0236
2024-09-18 03:46:34,735 - INFO - Epoch 37, Train Loss: 0.6066, Train RMSE: 0.8052, Test RMSE: 0.9194, Train MAE: 0.6068, Test MAE: 0.6119, Train R²: -0.0465, Test R²: -0.0233
2024-09-18 03:46:53,740 - INFO - Epoch 38, Train Loss: 0.6066, Train RMSE: 0.8038, Test RMSE: 0.9183, Train MAE: 0.6070, Test MAE: 0.6125, Train R²: -0.0427, Test R²: -0.0210
2024-09-18 03:47:09,336 - INFO - Epoch 39, Train Loss: 0.6067, Train RMSE: 0.8051, Test RMSE: 0.9193, Train MAE: 0.6068, Test MAE: 0.6119, Train R²: -0.0461, Test R²: -0.0230
2024-09-18 03:47:27,320 - INFO - Epoch 40, Train Loss: 0.6068, Train RMSE: 0.8025, Test RMSE: 0.9175, Train MAE: 0.6072, Test MAE: 0.6131, Train R²: -0.0395, Test R²: -0.0190
2024-09-18 03:47:43,373 - INFO - Epoch 41, Train Loss: 0.6068, Train RMSE: 0.8055, Test RMSE: 0.9196, Train MAE: 0.6067, Test MAE: 0.6118, Train R²: -0.0472, Test R²: -0.0237
2024-09-18 03:48:01,012 - INFO - Epoch 42, Train Loss: 0.6066, Train RMSE: 0.8021, Test RMSE: 0.9172, Train MAE: 0.6072, Test MAE: 0.6133, Train R²: -0.0383, Test R²: -0.0183
2024-09-18 03:48:19,393 - INFO - Epoch 43, Train Loss: 0.6067, Train RMSE: 0.8034, Test RMSE: 0.9181, Train MAE: 0.6070, Test MAE: 0.6127, Train R²: -0.0418, Test R²: -0.0204
2024-09-18 03:48:36,138 - INFO - Epoch 44, Train Loss: 0.6068, Train RMSE: 0.8023, Test RMSE: 0.9173, Train MAE: 0.6072, Test MAE: 0.6132, Train R²: -0.0388, Test R²: -0.0187
2024-09-18 03:48:53,128 - INFO - Epoch 45, Train Loss: 0.6067, Train RMSE: 0.8039, Test RMSE: 0.9185, Train MAE: 0.6070, Test MAE: 0.6124, Train R²: -0.0431, Test R²: -0.0213
2024-09-18 03:49:09,703 - INFO - Epoch 46, Train Loss: 0.6065, Train RMSE: 0.8034, Test RMSE: 0.9181, Train MAE: 0.6070, Test MAE: 0.6127, Train R²: -0.0418, Test R²: -0.0205
2024-09-18 03:49:27,897 - INFO - Epoch 47, Train Loss: 0.6067, Train RMSE: 0.8076, Test RMSE: 0.9211, Train MAE: 0.6064, Test MAE: 0.6112, Train R²: -0.0527, Test R²: -0.0272
2024-09-18 03:49:43,632 - INFO - Epoch 48, Train Loss: 0.6065, Train RMSE: 0.8073, Test RMSE: 0.9209, Train MAE: 0.6065, Test MAE: 0.6113, Train R²: -0.0519, Test R²: -0.0266
2024-09-18 03:49:59,760 - INFO - Epoch 49, Train Loss: 0.6066, Train RMSE: 0.8053, Test RMSE: 0.9194, Train MAE: 0.6067, Test MAE: 0.6119, Train R²: -0.0466, Test R²: -0.0234
2024-09-18 03:50:16,706 - INFO - Epoch 50, Train Loss: 0.6065, Train RMSE: 0.8069, Test RMSE: 0.9206, Train MAE: 0.6065, Test MAE: 0.6114, Train R²: -0.0508, Test R²: -0.0260
2024-09-18 03:50:33,989 - INFO - Epoch 51, Train Loss: 0.6066, Train RMSE: 0.8065, Test RMSE: 0.9203, Train MAE: 0.6066, Test MAE: 0.6115, Train R²: -0.0498, Test R²: -0.0253
2024-09-18 03:50:50,014 - INFO - Epoch 52, Train Loss: 0.6066, Train RMSE: 0.8057, Test RMSE: 0.9198, Train MAE: 0.6067, Test MAE: 0.6117, Train R²: -0.0479, Test R²: -0.0241
2024-09-18 03:51:07,232 - INFO - Epoch 53, Train Loss: 0.6066, Train RMSE: 0.8067, Test RMSE: 0.9205, Train MAE: 0.6066, Test MAE: 0.6115, Train R²: -0.0504, Test R²: -0.0257
2024-09-18 03:51:24,928 - INFO - Epoch 54, Train Loss: 0.6066, Train RMSE: 0.8072, Test RMSE: 0.9208, Train MAE: 0.6065, Test MAE: 0.6113, Train R²: -0.0517, Test R²: -0.0265
2024-09-18 03:51:42,641 - INFO - Epoch 55, Train Loss: 0.6066, Train RMSE: 0.8052, Test RMSE: 0.9194, Train MAE: 0.6068, Test MAE: 0.6119, Train R²: -0.0464, Test R²: -0.0232
2024-09-18 03:51:58,647 - INFO - Epoch 56, Train Loss: 0.6067, Train RMSE: 0.8055, Test RMSE: 0.9196, Train MAE: 0.6067, Test MAE: 0.6118, Train R²: -0.0472, Test R²: -0.0237
2024-09-18 03:52:14,495 - INFO - Epoch 57, Train Loss: 0.6067, Train RMSE: 0.8072, Test RMSE: 0.9208, Train MAE: 0.6065, Test MAE: 0.6113, Train R²: -0.0516, Test R²: -0.0264
2024-09-18 03:52:33,858 - INFO - Epoch 58, Train Loss: 0.6064, Train RMSE: 0.8071, Test RMSE: 0.9207, Train MAE: 0.6065, Test MAE: 0.6114, Train R²: -0.0513, Test R²: -0.0262
2024-09-18 03:52:49,617 - INFO - Epoch 59, Train Loss: 0.6064, Train RMSE: 0.8076, Test RMSE: 0.9211, Train MAE: 0.6064, Test MAE: 0.6112, Train R²: -0.0527, Test R²: -0.0271
2024-09-18 03:53:07,440 - INFO - Epoch 60, Train Loss: 0.6066, Train RMSE: 0.8069, Test RMSE: 0.9206, Train MAE: 0.6065, Test MAE: 0.6114, Train R²: -0.0508, Test R²: -0.0259
2024-09-18 03:53:24,582 - INFO - Epoch 61, Train Loss: 0.6066, Train RMSE: 0.8073, Test RMSE: 0.9208, Train MAE: 0.6065, Test MAE: 0.6113, Train R²: -0.0518, Test R²: -0.0265
2024-09-18 03:53:42,202 - INFO - Epoch 62, Train Loss: 0.6065, Train RMSE: 0.8072, Test RMSE: 0.9208, Train MAE: 0.6065, Test MAE: 0.6113, Train R²: -0.0516, Test R²: -0.0264
2024-09-18 03:53:58,800 - INFO - Epoch 63, Train Loss: 0.6064, Train RMSE: 0.8085, Test RMSE: 0.9217, Train MAE: 0.6064, Test MAE: 0.6110, Train R²: -0.0550, Test R²: -0.0285
2024-09-18 03:54:16,815 - INFO - Epoch 64, Train Loss: 0.6065, Train RMSE: 0.8055, Test RMSE: 0.9196, Train MAE: 0.6067, Test MAE: 0.6118, Train R²: -0.0474, Test R²: -0.0238
2024-09-18 03:54:33,200 - INFO - Epoch 65, Train Loss: 0.6066, Train RMSE: 0.8074, Test RMSE: 0.9209, Train MAE: 0.6065, Test MAE: 0.6113, Train R²: -0.0522, Test R²: -0.0268
2024-09-18 03:54:49,048 - INFO - Epoch 66, Train Loss: 0.6065, Train RMSE: 0.8084, Test RMSE: 0.9217, Train MAE: 0.6064, Test MAE: 0.6110, Train R²: -0.0548, Test R²: -0.0284
2024-09-18 03:55:13,081 - INFO - Epoch 67, Train Loss: 0.6065, Train RMSE: 0.8071, Test RMSE: 0.9207, Train MAE: 0.6065, Test MAE: 0.6114, Train R²: -0.0513, Test R²: -0.0262
2024-09-18 03:55:29,740 - INFO - Epoch 68, Train Loss: 0.6066, Train RMSE: 0.8070, Test RMSE: 0.9207, Train MAE: 0.6065, Test MAE: 0.6114, Train R²: -0.0511, Test R²: -0.0261
2024-09-18 03:55:44,831 - INFO - Epoch 69, Train Loss: 0.6065, Train RMSE: 0.8071, Test RMSE: 0.9207, Train MAE: 0.6065, Test MAE: 0.6114, Train R²: -0.0513, Test R²: -0.0263
2024-09-18 03:56:00,864 - INFO - Epoch 70, Train Loss: 0.6065, Train RMSE: 0.8080, Test RMSE: 0.9214, Train MAE: 0.6064, Test MAE: 0.6111, Train R²: -0.0538, Test R²: -0.0278
2024-09-18 03:56:16,858 - INFO - Epoch 71, Train Loss: 0.6066, Train RMSE: 0.8073, Test RMSE: 0.9208, Train MAE: 0.6065, Test MAE: 0.6113, Train R²: -0.0518, Test R²: -0.0265
2024-09-18 03:56:32,475 - INFO - Epoch 72, Train Loss: 0.6065, Train RMSE: 0.8082, Test RMSE: 0.9215, Train MAE: 0.6064, Test MAE: 0.6111, Train R²: -0.0542, Test R²: -0.0280
2024-09-18 03:56:48,035 - INFO - Epoch 73, Train Loss: 0.6065, Train RMSE: 0.8066, Test RMSE: 0.9203, Train MAE: 0.6066, Test MAE: 0.6115, Train R²: -0.0500, Test R²: -0.0254
2024-09-18 03:57:03,651 - INFO - Epoch 74, Train Loss: 0.6066, Train RMSE: 0.8072, Test RMSE: 0.9208, Train MAE: 0.6065, Test MAE: 0.6113, Train R²: -0.0517, Test R²: -0.0265
2024-09-18 03:57:21,123 - INFO - Epoch 75, Train Loss: 0.6063, Train RMSE: 0.8086, Test RMSE: 0.9218, Train MAE: 0.6064, Test MAE: 0.6110, Train R²: -0.0553, Test R²: -0.0287
2024-09-18 03:57:36,899 - INFO - Epoch 76, Train Loss: 0.6065, Train RMSE: 0.8083, Test RMSE: 0.9216, Train MAE: 0.6064, Test MAE: 0.6110, Train R²: -0.0545, Test R²: -0.0282
2024-09-18 03:57:52,508 - INFO - Epoch 77, Train Loss: 0.6065, Train RMSE: 0.8074, Test RMSE: 0.9209, Train MAE: 0.6065, Test MAE: 0.6113, Train R²: -0.0521, Test R²: -0.0267
2024-09-18 03:58:09,460 - INFO - Epoch 78, Train Loss: 0.6066, Train RMSE: 0.8082, Test RMSE: 0.9216, Train MAE: 0.6064, Test MAE: 0.6111, Train R²: -0.0543, Test R²: -0.0281
2024-09-18 03:58:24,918 - INFO - Epoch 79, Train Loss: 0.6065, Train RMSE: 0.8071, Test RMSE: 0.9208, Train MAE: 0.6065, Test MAE: 0.6113, Train R²: -0.0515, Test R²: -0.0263
2024-09-18 03:58:39,199 - INFO - Epoch 80, Train Loss: 0.6065, Train RMSE: 0.8074, Test RMSE: 0.9210, Train MAE: 0.6064, Test MAE: 0.6113, Train R²: -0.0523, Test R²: -0.0268
2024-09-18 03:58:55,375 - INFO - Epoch 81, Train Loss: 0.6067, Train RMSE: 0.8083, Test RMSE: 0.9216, Train MAE: 0.6064, Test MAE: 0.6110, Train R²: -0.0545, Test R²: -0.0282
2024-09-18 03:59:11,314 - INFO - Epoch 82, Train Loss: 0.6065, Train RMSE: 0.8078, Test RMSE: 0.9212, Train MAE: 0.6064, Test MAE: 0.6112, Train R²: -0.0531, Test R²: -0.0273
2024-09-18 03:59:28,484 - INFO - Epoch 83, Train Loss: 0.6064, Train RMSE: 0.8084, Test RMSE: 0.9216, Train MAE: 0.6064, Test MAE: 0.6110, Train R²: -0.0547, Test R²: -0.0283
2024-09-18 03:59:44,342 - INFO - Epoch 84, Train Loss: 0.6065, Train RMSE: 0.8087, Test RMSE: 0.9219, Train MAE: 0.6064, Test MAE: 0.6110, Train R²: -0.0556, Test R²: -0.0289
2024-09-18 03:59:59,110 - INFO - Epoch 85, Train Loss: 0.6064, Train RMSE: 0.8077, Test RMSE: 0.9212, Train MAE: 0.6064, Test MAE: 0.6112, Train R²: -0.0530, Test R²: -0.0273
2024-09-18 04:00:15,079 - INFO - Epoch 86, Train Loss: 0.6065, Train RMSE: 0.8072, Test RMSE: 0.9208, Train MAE: 0.6065, Test MAE: 0.6113, Train R²: -0.0517, Test R²: -0.0264
2024-09-18 04:00:29,591 - INFO - Epoch 87, Train Loss: 0.6065, Train RMSE: 0.8088, Test RMSE: 0.9220, Train MAE: 0.6064, Test MAE: 0.6110, Train R²: -0.0558, Test R²: -0.0290
2024-09-18 04:00:44,167 - INFO - Epoch 88, Train Loss: 0.6065, Train RMSE: 0.8081, Test RMSE: 0.9215, Train MAE: 0.6064, Test MAE: 0.6111, Train R²: -0.0541, Test R²: -0.0279
2024-09-18 04:00:59,636 - INFO - Epoch 89, Train Loss: 0.6064, Train RMSE: 0.8083, Test RMSE: 0.9216, Train MAE: 0.6064, Test MAE: 0.6110, Train R²: -0.0545, Test R²: -0.0282
2024-09-18 04:01:15,191 - INFO - Epoch 90, Train Loss: 0.6065, Train RMSE: 0.8091, Test RMSE: 0.9222, Train MAE: 0.6064, Test MAE: 0.6110, Train R²: -0.0566, Test R²: -0.0295
2024-09-18 04:01:31,354 - INFO - Epoch 91, Train Loss: 0.6065, Train RMSE: 0.8083, Test RMSE: 0.9216, Train MAE: 0.6064, Test MAE: 0.6110, Train R²: -0.0546, Test R²: -0.0283
2024-09-18 04:01:46,778 - INFO - Epoch 92, Train Loss: 0.6066, Train RMSE: 0.8083, Test RMSE: 0.9216, Train MAE: 0.6064, Test MAE: 0.6110, Train R²: -0.0546, Test R²: -0.0283
2024-09-18 04:02:01,084 - INFO - Epoch 93, Train Loss: 0.6064, Train RMSE: 0.8082, Test RMSE: 0.9215, Train MAE: 0.6064, Test MAE: 0.6111, Train R²: -0.0543, Test R²: -0.0281
2024-09-18 04:02:16,645 - INFO - Epoch 94, Train Loss: 0.6066, Train RMSE: 0.8082, Test RMSE: 0.9216, Train MAE: 0.6064, Test MAE: 0.6111, Train R²: -0.0543, Test R²: -0.0281
2024-09-18 04:02:32,943 - INFO - Epoch 95, Train Loss: 0.6065, Train RMSE: 0.8087, Test RMSE: 0.9219, Train MAE: 0.6064, Test MAE: 0.6110, Train R²: -0.0556, Test R²: -0.0289
2024-09-18 04:02:47,646 - INFO - Epoch 96, Train Loss: 0.6064, Train RMSE: 0.8084, Test RMSE: 0.9217, Train MAE: 0.6064, Test MAE: 0.6110, Train R²: -0.0547, Test R²: -0.0284
2024-09-18 04:03:02,484 - INFO - Epoch 97, Train Loss: 0.6065, Train RMSE: 0.8080, Test RMSE: 0.9214, Train MAE: 0.6064, Test MAE: 0.6111, Train R²: -0.0538, Test R²: -0.0278
2024-09-18 04:03:18,412 - INFO - Epoch 98, Train Loss: 0.6065, Train RMSE: 0.8086, Test RMSE: 0.9219, Train MAE: 0.6064, Test MAE: 0.6110, Train R²: -0.0554, Test R²: -0.0288
2024-09-18 04:03:35,742 - INFO - Epoch 99, Train Loss: 0.6067, Train RMSE: 0.8079, Test RMSE: 0.9213, Train MAE: 0.6064, Test MAE: 0.6111, Train R²: -0.0534, Test R²: -0.0275
2024-09-18 04:03:55,555 - INFO - Epoch 100, Train Loss: 0.6065, Train RMSE: 0.8084, Test RMSE: 0.9217, Train MAE: 0.6064, Test MAE: 0.6110, Train R²: -0.0548, Test R²: -0.0284
Traceback (most recent call last):
  File "/u/mbanisharifdehkordi/Github/GNN_4_IO/gnn_training120.py", line 332, in <module>
    train_losses, train_rmse_scores, test_rmse_scores, train_mae_scores, test_mae_scores, train_r2_scores, test_r2_scores = train(
  File "/u/mbanisharifdehkordi/Github/GNN_4_IO/gnn_training120.py", line 267, in train
    save_plots(train_losses, train_rmse_scores, test_rmse_scores, train_mae_scores, test_mae_scores, train_r2_scores, test_r2_scores)
NameError: name 'save_plots' is not defined
