2024-09-18 05:41:38,567 - INFO - Epoch 1, Train Loss: 0.6390, Train RMSE: 0.9830, Val RMSE: 1.0452, Test RMSE: 1.1367, Train MAE: 0.6926, Val MAE: 0.7912, Test MAE: 0.8064, Train R²: -0.7925, Val R²: -1.1300, Test R²: -0.8270
2024-09-18 05:43:23,276 - INFO - Epoch 2, Train Loss: 0.5888, Train RMSE: 1.0031, Val RMSE: 1.0679, Test RMSE: 1.1577, Train MAE: 0.7130, Val MAE: 0.8147, Test MAE: 0.8296, Train R²: -0.8664, Val R²: -1.2238, Test R²: -0.8951
2024-09-18 05:44:09,306 - INFO - Epoch 3, Train Loss: 0.5792, Train RMSE: 0.9917, Val RMSE: 1.0554, Test RMSE: 1.1462, Train MAE: 0.7018, Val MAE: 0.8018, Test MAE: 0.8163, Train R²: -0.8242, Val R²: -1.1720, Test R²: -0.8575
2024-09-18 05:44:49,539 - INFO - Epoch 4, Train Loss: 0.5748, Train RMSE: 0.9972, Val RMSE: 1.0616, Test RMSE: 1.1518, Train MAE: 0.7068, Val MAE: 0.8081, Test MAE: 0.8226, Train R²: -0.8444, Val R²: -1.1972, Test R²: -0.8758
2024-09-18 05:45:30,459 - INFO - Epoch 5, Train Loss: 0.5752, Train RMSE: 0.9880, Val RMSE: 1.0512, Test RMSE: 1.1423, Train MAE: 0.6972, Val MAE: 0.7974, Test MAE: 0.8119, Train R²: -0.8107, Val R²: -1.1548, Test R²: -0.8451
2024-09-18 05:46:12,212 - INFO - Epoch 6, Train Loss: 0.5707, Train RMSE: 0.9717, Val RMSE: 1.0323, Test RMSE: 1.1248, Train MAE: 0.6814, Val MAE: 0.7781, Test MAE: 0.7932, Train R²: -0.7513, Val R²: -1.0780, Test R²: -0.7891
2024-09-18 05:46:51,527 - INFO - Epoch 7, Train Loss: 0.5729, Train RMSE: 0.9743, Val RMSE: 1.0360, Test RMSE: 1.1283, Train MAE: 0.6831, Val MAE: 0.7818, Test MAE: 0.7964, Train R²: -0.7607, Val R²: -1.0928, Test R²: -0.7999
2024-09-18 05:47:31,792 - INFO - Epoch 8, Train Loss: 0.5725, Train RMSE: 0.9801, Val RMSE: 1.0429, Test RMSE: 1.1347, Train MAE: 0.6892, Val MAE: 0.7888, Test MAE: 0.8030, Train R²: -0.7818, Val R²: -1.1207, Test R²: -0.8205
2024-09-18 05:48:41,155 - INFO - Epoch 9, Train Loss: 0.5716, Train RMSE: 0.9656, Val RMSE: 1.0273, Test RMSE: 1.1203, Train MAE: 0.6747, Val MAE: 0.7727, Test MAE: 0.7878, Train R²: -0.7295, Val R²: -1.0576, Test R²: -0.7745
2024-09-18 05:51:37,403 - INFO - Epoch 10, Train Loss: 0.5728, Train RMSE: 0.9716, Val RMSE: 1.0339, Test RMSE: 1.1264, Train MAE: 0.6806, Val MAE: 0.7795, Test MAE: 0.7941, Train R²: -0.7508, Val R²: -1.0843, Test R²: -0.7939
2024-09-18 05:55:13,505 - INFO - Epoch 11, Train Loss: 0.5710, Train RMSE: 0.9740, Val RMSE: 1.0370, Test RMSE: 1.1292, Train MAE: 0.6826, Val MAE: 0.7825, Test MAE: 0.7969, Train R²: -0.7597, Val R²: -1.0966, Test R²: -0.8030
2024-09-18 05:57:48,180 - INFO - Epoch 12, Train Loss: 0.5704, Train RMSE: 0.9757, Val RMSE: 1.0387, Test RMSE: 1.1309, Train MAE: 0.6841, Val MAE: 0.7843, Test MAE: 0.7986, Train R²: -0.7660, Val R²: -1.1038, Test R²: -0.8083
2024-09-18 05:59:22,741 - INFO - Epoch 13, Train Loss: 0.5708, Train RMSE: 0.9636, Val RMSE: 1.0253, Test RMSE: 1.1185, Train MAE: 0.6723, Val MAE: 0.7706, Test MAE: 0.7857, Train R²: -0.7225, Val R²: -1.0497, Test R²: -0.7689
2024-09-18 06:00:08,314 - INFO - Epoch 14, Train Loss: 0.5704, Train RMSE: 0.9558, Val RMSE: 1.0171, Test RMSE: 1.1109, Train MAE: 0.6653, Val MAE: 0.7623, Test MAE: 0.7782, Train R²: -0.6945, Val R²: -1.0169, Test R²: -0.7450
2024-09-18 06:00:53,190 - INFO - Epoch 15, Train Loss: 0.5692, Train RMSE: 0.9472, Val RMSE: 1.0070, Test RMSE: 1.1017, Train MAE: 0.6572, Val MAE: 0.7523, Test MAE: 0.7691, Train R²: -0.6640, Val R²: -0.9773, Test R²: -0.7162
2024-09-18 06:02:56,894 - INFO - Epoch 16, Train Loss: 0.5711, Train RMSE: 0.9536, Val RMSE: 1.0145, Test RMSE: 1.1086, Train MAE: 0.6633, Val MAE: 0.7597, Test MAE: 0.7758, Train R²: -0.6867, Val R²: -1.0068, Test R²: -0.7377
2024-09-18 06:04:52,920 - INFO - Epoch 17, Train Loss: 0.5692, Train RMSE: 0.9527, Val RMSE: 1.0131, Test RMSE: 1.1072, Train MAE: 0.6621, Val MAE: 0.7583, Test MAE: 0.7745, Train R²: -0.6836, Val R²: -1.0011, Test R²: -0.7335
2024-09-18 06:05:59,001 - INFO - Epoch 18, Train Loss: 0.5688, Train RMSE: 0.9521, Val RMSE: 1.0126, Test RMSE: 1.1068, Train MAE: 0.6617, Val MAE: 0.7577, Test MAE: 0.7740, Train R²: -0.6814, Val R²: -0.9991, Test R²: -0.7320
2024-09-18 06:08:03,152 - INFO - Epoch 19, Train Loss: 0.5690, Train RMSE: 0.9372, Val RMSE: 0.9960, Test RMSE: 1.0915, Train MAE: 0.6492, Val MAE: 0.7413, Test MAE: 0.7592, Train R²: -0.6291, Val R²: -0.9341, Test R²: -0.6847
2024-09-18 06:09:22,204 - INFO - Epoch 20, Train Loss: 0.5686, Train RMSE: 0.9257, Val RMSE: 0.9829, Test RMSE: 1.0796, Train MAE: 0.6398, Val MAE: 0.7287, Test MAE: 0.7479, Train R²: -0.5896, Val R²: -0.8839, Test R²: -0.6482
2024-09-18 06:10:19,555 - INFO - Epoch 21, Train Loss: 0.5681, Train RMSE: 0.9307, Val RMSE: 0.9887, Test RMSE: 1.0849, Train MAE: 0.6438, Val MAE: 0.7342, Test MAE: 0.7528, Train R²: -0.6068, Val R²: -0.9060, Test R²: -0.6642
2024-09-18 06:13:26,845 - INFO - Epoch 22, Train Loss: 0.5679, Train RMSE: 0.9273, Val RMSE: 0.9847, Test RMSE: 1.0812, Train MAE: 0.6410, Val MAE: 0.7303, Test MAE: 0.7494, Train R²: -0.5949, Val R²: -0.8906, Test R²: -0.6530
2024-09-18 06:14:31,255 - INFO - Epoch 23, Train Loss: 0.5684, Train RMSE: 0.9255, Val RMSE: 0.9827, Test RMSE: 1.0794, Train MAE: 0.6395, Val MAE: 0.7285, Test MAE: 0.7477, Train R²: -0.5889, Val R²: -0.8831, Test R²: -0.6475
2024-09-18 06:16:42,482 - INFO - Epoch 24, Train Loss: 0.5694, Train RMSE: 0.9319, Val RMSE: 0.9900, Test RMSE: 1.0860, Train MAE: 0.6448, Val MAE: 0.7355, Test MAE: 0.7539, Train R²: -0.6107, Val R²: -0.9109, Test R²: -0.6677
2024-09-18 06:19:53,122 - INFO - Epoch 25, Train Loss: 0.5680, Train RMSE: 0.9286, Val RMSE: 0.9862, Test RMSE: 1.0826, Train MAE: 0.6420, Val MAE: 0.7318, Test MAE: 0.7507, Train R²: -0.5993, Val R²: -0.8965, Test R²: -0.6573
2024-09-18 06:22:34,879 - INFO - Epoch 26, Train Loss: 0.5699, Train RMSE: 0.9259, Val RMSE: 0.9835, Test RMSE: 1.0801, Train MAE: 0.6398, Val MAE: 0.7291, Test MAE: 0.7483, Train R²: -0.5902, Val R²: -0.8860, Test R²: -0.6497
2024-09-18 06:26:46,820 - INFO - Epoch 27, Train Loss: 0.5679, Train RMSE: 0.9213, Val RMSE: 0.9785, Test RMSE: 1.0755, Train MAE: 0.6362, Val MAE: 0.7243, Test MAE: 0.7441, Train R²: -0.5746, Val R²: -0.8668, Test R²: -0.6356
2024-09-18 06:28:20,575 - INFO - Epoch 28, Train Loss: 0.5685, Train RMSE: 0.9266, Val RMSE: 0.9843, Test RMSE: 1.0809, Train MAE: 0.6404, Val MAE: 0.7299, Test MAE: 0.7490, Train R²: -0.5926, Val R²: -0.8891, Test R²: -0.6519
2024-09-18 06:29:05,245 - INFO - Epoch 29, Train Loss: 0.5663, Train RMSE: 0.9219, Val RMSE: 0.9790, Test RMSE: 1.0760, Train MAE: 0.6368, Val MAE: 0.7248, Test MAE: 0.7445, Train R²: -0.5766, Val R²: -0.8686, Test R²: -0.6370
2024-09-18 06:29:49,077 - INFO - Epoch 30, Train Loss: 0.5667, Train RMSE: 0.9238, Val RMSE: 0.9812, Test RMSE: 1.0781, Train MAE: 0.6383, Val MAE: 0.7269, Test MAE: 0.7464, Train R²: -0.5830, Val R²: -0.8773, Test R²: -0.6434
2024-09-18 06:30:34,310 - INFO - Epoch 31, Train Loss: 0.5662, Train RMSE: 0.9264, Val RMSE: 0.9841, Test RMSE: 1.0807, Train MAE: 0.6403, Val MAE: 0.7297, Test MAE: 0.7488, Train R²: -0.5919, Val R²: -0.8882, Test R²: -0.6513
2024-09-18 06:31:20,759 - INFO - Epoch 32, Train Loss: 0.5667, Train RMSE: 0.9231, Val RMSE: 0.9804, Test RMSE: 1.0773, Train MAE: 0.6375, Val MAE: 0.7261, Test MAE: 0.7457, Train R²: -0.5805, Val R²: -0.8741, Test R²: -0.6410
2024-09-18 06:32:08,468 - INFO - Epoch 33, Train Loss: 0.5672, Train RMSE: 0.9240, Val RMSE: 0.9814, Test RMSE: 1.0782, Train MAE: 0.6383, Val MAE: 0.7271, Test MAE: 0.7465, Train R²: -0.5837, Val R²: -0.8780, Test R²: -0.6438
2024-09-18 06:33:01,459 - INFO - Epoch 34, Train Loss: 0.5680, Train RMSE: 0.9224, Val RMSE: 0.9797, Test RMSE: 1.0766, Train MAE: 0.6372, Val MAE: 0.7255, Test MAE: 0.7451, Train R²: -0.5783, Val R²: -0.8713, Test R²: -0.6390
2024-09-18 06:33:59,944 - INFO - Epoch 35, Train Loss: 0.5660, Train RMSE: 0.9180, Val RMSE: 0.9746, Test RMSE: 1.0720, Train MAE: 0.6335, Val MAE: 0.7207, Test MAE: 0.7408, Train R²: -0.5632, Val R²: -0.8522, Test R²: -0.6250
2024-09-18 06:35:40,691 - INFO - Epoch 36, Train Loss: 0.5673, Train RMSE: 0.9229, Val RMSE: 0.9802, Test RMSE: 1.0771, Train MAE: 0.6374, Val MAE: 0.7259, Test MAE: 0.7455, Train R²: -0.5800, Val R²: -0.8733, Test R²: -0.6404
2024-09-18 06:38:42,743 - INFO - Epoch 37, Train Loss: 0.5647, Train RMSE: 0.9189, Val RMSE: 0.9756, Test RMSE: 1.0729, Train MAE: 0.6342, Val MAE: 0.7216, Test MAE: 0.7416, Train R²: -0.5661, Val R²: -0.8559, Test R²: -0.6277
2024-09-18 06:40:46,695 - INFO - Epoch 38, Train Loss: 0.5657, Train RMSE: 0.9078, Val RMSE: 0.9632, Test RMSE: 1.0616, Train MAE: 0.6255, Val MAE: 0.7098, Test MAE: 0.7314, Train R²: -0.5287, Val R²: -0.8089, Test R²: -0.5935
2024-09-18 06:42:47,180 - INFO - Epoch 39, Train Loss: 0.5661, Train RMSE: 0.9055, Val RMSE: 0.9605, Test RMSE: 1.0591, Train MAE: 0.6237, Val MAE: 0.7073, Test MAE: 0.7291, Train R²: -0.5209, Val R²: -0.7987, Test R²: -0.5859
2024-09-18 06:44:39,524 - INFO - Epoch 40, Train Loss: 0.5688, Train RMSE: 0.9105, Val RMSE: 0.9662, Test RMSE: 1.0643, Train MAE: 0.6275, Val MAE: 0.7127, Test MAE: 0.7338, Train R²: -0.5378, Val R²: -0.8203, Test R²: -0.6017
2024-09-18 06:45:25,049 - INFO - Epoch 41, Train Loss: 0.5657, Train RMSE: 0.9047, Val RMSE: 0.9596, Test RMSE: 1.0583, Train MAE: 0.6232, Val MAE: 0.7065, Test MAE: 0.7284, Train R²: -0.5181, Val R²: -0.7955, Test R²: -0.5836
2024-09-18 06:46:11,885 - INFO - Epoch 42, Train Loss: 0.5663, Train RMSE: 0.9019, Val RMSE: 0.9564, Test RMSE: 1.0554, Train MAE: 0.6210, Val MAE: 0.7035, Test MAE: 0.7258, Train R²: -0.5087, Val R²: -0.7835, Test R²: -0.5750
2024-09-18 06:47:06,942 - INFO - Epoch 43, Train Loss: 0.5653, Train RMSE: 0.9036, Val RMSE: 0.9584, Test RMSE: 1.0572, Train MAE: 0.6223, Val MAE: 0.7054, Test MAE: 0.7274, Train R²: -0.5144, Val R²: -0.7909, Test R²: -0.5804
2024-09-18 06:47:46,794 - INFO - Epoch 44, Train Loss: 0.5655, Train RMSE: 0.9031, Val RMSE: 0.9578, Test RMSE: 1.0567, Train MAE: 0.6220, Val MAE: 0.7048, Test MAE: 0.7269, Train R²: -0.5127, Val R²: -0.7888, Test R²: -0.5788
2024-09-18 06:48:31,836 - INFO - Epoch 45, Train Loss: 0.5657, Train RMSE: 0.9078, Val RMSE: 0.9631, Test RMSE: 1.0614, Train MAE: 0.6255, Val MAE: 0.7097, Test MAE: 0.7312, Train R²: -0.5285, Val R²: -0.8085, Test R²: -0.5930
2024-09-18 06:49:15,542 - INFO - Epoch 46, Train Loss: 0.5656, Train RMSE: 0.9000, Val RMSE: 0.9543, Test RMSE: 1.0534, Train MAE: 0.6195, Val MAE: 0.7016, Test MAE: 0.7240, Train R²: -0.5025, Val R²: -0.7756, Test R²: -0.5691
2024-09-18 06:49:56,436 - INFO - Epoch 47, Train Loss: 0.5637, Train RMSE: 0.8979, Val RMSE: 0.9520, Test RMSE: 1.0513, Train MAE: 0.6180, Val MAE: 0.6995, Test MAE: 0.7222, Train R²: -0.4956, Val R²: -0.7670, Test R²: -0.5627
2024-09-18 06:50:52,537 - INFO - Epoch 48, Train Loss: 0.5659, Train RMSE: 0.9022, Val RMSE: 0.9567, Test RMSE: 1.0556, Train MAE: 0.6213, Val MAE: 0.7039, Test MAE: 0.7260, Train R²: -0.5097, Val R²: -0.7847, Test R²: -0.5756
2024-09-18 06:51:35,189 - INFO - Epoch 49, Train Loss: 0.5650, Train RMSE: 0.8986, Val RMSE: 0.9526, Test RMSE: 1.0519, Train MAE: 0.6185, Val MAE: 0.7001, Test MAE: 0.7227, Train R²: -0.4978, Val R²: -0.7694, Test R²: -0.5645
2024-09-18 06:52:42,153 - INFO - Epoch 50, Train Loss: 0.5645, Train RMSE: 0.8969, Val RMSE: 0.9507, Test RMSE: 1.0501, Train MAE: 0.6172, Val MAE: 0.6984, Test MAE: 0.7211, Train R²: -0.4920, Val R²: -0.7623, Test R²: -0.5593
2024-09-18 06:53:46,430 - INFO - Epoch 51, Train Loss: 0.5640, Train RMSE: 0.8969, Val RMSE: 0.9508, Test RMSE: 1.0502, Train MAE: 0.6173, Val MAE: 0.6985, Test MAE: 0.7212, Train R²: -0.4921, Val R²: -0.7627, Test R²: -0.5596
2024-09-18 06:55:00,886 - INFO - Epoch 52, Train Loss: 0.5652, Train RMSE: 0.8949, Val RMSE: 0.9484, Test RMSE: 1.0480, Train MAE: 0.6157, Val MAE: 0.6963, Test MAE: 0.7193, Train R²: -0.4853, Val R²: -0.7537, Test R²: -0.5530
2024-09-18 06:57:20,856 - INFO - Epoch 53, Train Loss: 0.5644, Train RMSE: 0.8907, Val RMSE: 0.9435, Test RMSE: 1.0436, Train MAE: 0.6128, Val MAE: 0.6919, Test MAE: 0.7154, Train R²: -0.4715, Val R²: -0.7358, Test R²: -0.5400
2024-09-18 06:59:43,834 - INFO - Epoch 54, Train Loss: 0.5652, Train RMSE: 0.8911, Val RMSE: 0.9439, Test RMSE: 1.0439, Train MAE: 0.6130, Val MAE: 0.6922, Test MAE: 0.7157, Train R²: -0.4728, Val R²: -0.7372, Test R²: -0.5409
2024-09-18 07:02:23,981 - INFO - Epoch 55, Train Loss: 0.5651, Train RMSE: 0.8819, Val RMSE: 0.9333, Test RMSE: 1.0343, Train MAE: 0.6067, Val MAE: 0.6828, Test MAE: 0.7072, Train R²: -0.4425, Val R²: -0.6983, Test R²: -0.5127
2024-09-18 07:03:10,986 - INFO - Epoch 56, Train Loss: 0.5650, Train RMSE: 0.8869, Val RMSE: 0.9392, Test RMSE: 1.0397, Train MAE: 0.6101, Val MAE: 0.6881, Test MAE: 0.7119, Train R²: -0.4590, Val R²: -0.7199, Test R²: -0.5283
2024-09-18 07:03:53,583 - INFO - Epoch 57, Train Loss: 0.5649, Train RMSE: 0.8855, Val RMSE: 0.9377, Test RMSE: 1.0383, Train MAE: 0.6091, Val MAE: 0.6868, Test MAE: 0.7107, Train R²: -0.4545, Val R²: -0.7145, Test R²: -0.5245
2024-09-18 07:04:40,943 - INFO - Epoch 58, Train Loss: 0.5645, Train RMSE: 0.8854, Val RMSE: 0.9374, Test RMSE: 1.0381, Train MAE: 0.6090, Val MAE: 0.6865, Test MAE: 0.7105, Train R²: -0.4540, Val R²: -0.7135, Test R²: -0.5237
2024-09-18 07:05:24,657 - INFO - Epoch 59, Train Loss: 0.5641, Train RMSE: 0.8860, Val RMSE: 0.9382, Test RMSE: 1.0387, Train MAE: 0.6094, Val MAE: 0.6872, Test MAE: 0.7111, Train R²: -0.4562, Val R²: -0.7162, Test R²: -0.5257
2024-09-18 07:06:05,915 - INFO - Epoch 60, Train Loss: 0.5641, Train RMSE: 0.8870, Val RMSE: 0.9393, Test RMSE: 1.0397, Train MAE: 0.6101, Val MAE: 0.6881, Test MAE: 0.7119, Train R²: -0.4593, Val R²: -0.7202, Test R²: -0.5285
2024-09-18 07:06:47,085 - INFO - Epoch 61, Train Loss: 0.5624, Train RMSE: 0.8854, Val RMSE: 0.9374, Test RMSE: 1.0380, Train MAE: 0.6090, Val MAE: 0.6865, Test MAE: 0.7105, Train R²: -0.4540, Val R²: -0.7134, Test R²: -0.5236
2024-09-18 07:07:41,116 - INFO - Epoch 62, Train Loss: 0.5647, Train RMSE: 0.8840, Val RMSE: 0.9359, Test RMSE: 1.0366, Train MAE: 0.6081, Val MAE: 0.6851, Test MAE: 0.7093, Train R²: -0.4494, Val R²: -0.7078, Test R²: -0.5195
2024-09-18 07:08:20,787 - INFO - Epoch 63, Train Loss: 0.5630, Train RMSE: 0.8811, Val RMSE: 0.9325, Test RMSE: 1.0336, Train MAE: 0.6062, Val MAE: 0.6821, Test MAE: 0.7065, Train R²: -0.4399, Val R²: -0.6955, Test R²: -0.5105
2024-09-18 07:09:03,511 - INFO - Epoch 64, Train Loss: 0.5635, Train RMSE: 0.8783, Val RMSE: 0.9293, Test RMSE: 1.0307, Train MAE: 0.6044, Val MAE: 0.6792, Test MAE: 0.7040, Train R²: -0.4309, Val R²: -0.6839, Test R²: -0.5021
2024-09-18 07:09:44,523 - INFO - Epoch 65, Train Loss: 0.5659, Train RMSE: 0.8790, Val RMSE: 0.9300, Test RMSE: 1.0314, Train MAE: 0.6049, Val MAE: 0.6799, Test MAE: 0.7046, Train R²: -0.4332, Val R²: -0.6866, Test R²: -0.5041
2024-09-18 07:10:24,871 - INFO - Epoch 66, Train Loss: 0.5624, Train RMSE: 0.8779, Val RMSE: 0.9288, Test RMSE: 1.0303, Train MAE: 0.6042, Val MAE: 0.6788, Test MAE: 0.7036, Train R²: -0.4296, Val R²: -0.6822, Test R²: -0.5009
2024-09-18 07:11:05,170 - INFO - Epoch 67, Train Loss: 0.5627, Train RMSE: 0.8759, Val RMSE: 0.9265, Test RMSE: 1.0281, Train MAE: 0.6030, Val MAE: 0.6767, Test MAE: 0.7017, Train R²: -0.4230, Val R²: -0.6737, Test R²: -0.4946
2024-09-18 07:11:47,543 - INFO - Epoch 68, Train Loss: 0.5637, Train RMSE: 0.8777, Val RMSE: 0.9286, Test RMSE: 1.0300, Train MAE: 0.6041, Val MAE: 0.6786, Test MAE: 0.7034, Train R²: -0.4290, Val R²: -0.6813, Test R²: -0.5001
2024-09-18 07:12:26,542 - INFO - Epoch 69, Train Loss: 0.5639, Train RMSE: 0.8770, Val RMSE: 0.9277, Test RMSE: 1.0292, Train MAE: 0.6036, Val MAE: 0.6778, Test MAE: 0.7027, Train R²: -0.4266, Val R²: -0.6782, Test R²: -0.4979
2024-09-18 07:13:04,946 - INFO - Epoch 70, Train Loss: 0.5652, Train RMSE: 0.8761, Val RMSE: 0.9267, Test RMSE: 1.0283, Train MAE: 0.6031, Val MAE: 0.6769, Test MAE: 0.7018, Train R²: -0.4235, Val R²: -0.6744, Test R²: -0.4951
2024-09-18 07:13:43,260 - INFO - Epoch 71, Train Loss: 0.5638, Train RMSE: 0.8741, Val RMSE: 0.9244, Test RMSE: 1.0262, Train MAE: 0.6019, Val MAE: 0.6749, Test MAE: 0.7000, Train R²: -0.4172, Val R²: -0.6662, Test R²: -0.4891
2024-09-18 07:14:24,397 - INFO - Epoch 72, Train Loss: 0.5639, Train RMSE: 0.8716, Val RMSE: 0.9216, Test RMSE: 1.0237, Train MAE: 0.6004, Val MAE: 0.6724, Test MAE: 0.6977, Train R²: -0.4092, Val R²: -0.6560, Test R²: -0.4817
2024-09-18 07:15:03,124 - INFO - Epoch 73, Train Loss: 0.5644, Train RMSE: 0.8702, Val RMSE: 0.9199, Test RMSE: 1.0222, Train MAE: 0.5997, Val MAE: 0.6710, Test MAE: 0.6963, Train R²: -0.4045, Val R²: -0.6499, Test R²: -0.4774
2024-09-18 07:15:44,869 - INFO - Epoch 74, Train Loss: 0.5633, Train RMSE: 0.8717, Val RMSE: 0.9217, Test RMSE: 1.0238, Train MAE: 0.6005, Val MAE: 0.6725, Test MAE: 0.6978, Train R²: -0.4093, Val R²: -0.6564, Test R²: -0.4821
2024-09-18 07:16:25,702 - INFO - Epoch 75, Train Loss: 0.5641, Train RMSE: 0.8714, Val RMSE: 0.9213, Test RMSE: 1.0234, Train MAE: 0.6004, Val MAE: 0.6722, Test MAE: 0.6975, Train R²: -0.4084, Val R²: -0.6550, Test R²: -0.4811
2024-09-18 07:17:05,362 - INFO - Epoch 76, Train Loss: 0.5638, Train RMSE: 0.8713, Val RMSE: 0.9212, Test RMSE: 1.0234, Train MAE: 0.6003, Val MAE: 0.6721, Test MAE: 0.6974, Train R²: -0.4082, Val R²: -0.6547, Test R²: -0.4808
2024-09-18 07:17:44,900 - INFO - Epoch 77, Train Loss: 0.5635, Train RMSE: 0.8693, Val RMSE: 0.9188, Test RMSE: 1.0212, Train MAE: 0.5992, Val MAE: 0.6701, Test MAE: 0.6955, Train R²: -0.4017, Val R²: -0.6462, Test R²: -0.4746
2024-09-18 07:18:23,087 - INFO - Epoch 78, Train Loss: 0.5637, Train RMSE: 0.8687, Val RMSE: 0.9182, Test RMSE: 1.0206, Train MAE: 0.5988, Val MAE: 0.6695, Test MAE: 0.6950, Train R²: -0.3998, Val R²: -0.6439, Test R²: -0.4729
2024-09-18 07:19:04,799 - INFO - Epoch 79, Train Loss: 0.5646, Train RMSE: 0.8717, Val RMSE: 0.9215, Test RMSE: 1.0236, Train MAE: 0.6005, Val MAE: 0.6724, Test MAE: 0.6976, Train R²: -0.4093, Val R²: -0.6558, Test R²: -0.4816
2024-09-18 07:19:43,574 - INFO - Epoch 80, Train Loss: 0.5646, Train RMSE: 0.8716, Val RMSE: 0.9216, Test RMSE: 1.0237, Train MAE: 0.6004, Val MAE: 0.6724, Test MAE: 0.6977, Train R²: -0.4091, Val R²: -0.6561, Test R²: -0.4817
2024-09-18 07:20:21,964 - INFO - Epoch 81, Train Loss: 0.5634, Train RMSE: 0.8681, Val RMSE: 0.9175, Test RMSE: 1.0199, Train MAE: 0.5985, Val MAE: 0.6689, Test MAE: 0.6943, Train R²: -0.3977, Val R²: -0.6412, Test R²: -0.4709
2024-09-18 07:21:03,108 - INFO - Epoch 82, Train Loss: 0.5627, Train RMSE: 0.8668, Val RMSE: 0.9159, Test RMSE: 1.0185, Train MAE: 0.5978, Val MAE: 0.6676, Test MAE: 0.6931, Train R²: -0.3937, Val R²: -0.6357, Test R²: -0.4669
2024-09-18 07:21:42,717 - INFO - Epoch 83, Train Loss: 0.5632, Train RMSE: 0.8674, Val RMSE: 0.9167, Test RMSE: 1.0192, Train MAE: 0.5981, Val MAE: 0.6683, Test MAE: 0.6937, Train R²: -0.3957, Val R²: -0.6384, Test R²: -0.4689
2024-09-18 07:22:33,124 - INFO - Epoch 84, Train Loss: 0.5639, Train RMSE: 0.8668, Val RMSE: 0.9159, Test RMSE: 1.0186, Train MAE: 0.5978, Val MAE: 0.6677, Test MAE: 0.6931, Train R²: -0.3937, Val R²: -0.6358, Test R²: -0.4670
2024-09-18 07:23:17,355 - INFO - Epoch 85, Train Loss: 0.5629, Train RMSE: 0.8668, Val RMSE: 0.9160, Test RMSE: 1.0186, Train MAE: 0.5978, Val MAE: 0.6677, Test MAE: 0.6932, Train R²: -0.3937, Val R²: -0.6358, Test R²: -0.4670
2024-09-18 07:24:04,720 - INFO - Epoch 86, Train Loss: 0.5633, Train RMSE: 0.8666, Val RMSE: 0.9157, Test RMSE: 1.0183, Train MAE: 0.5976, Val MAE: 0.6674, Test MAE: 0.6929, Train R²: -0.3930, Val R²: -0.6349, Test R²: -0.4663
2024-09-18 07:24:53,401 - INFO - Epoch 87, Train Loss: 0.5631, Train RMSE: 0.8665, Val RMSE: 0.9156, Test RMSE: 1.0182, Train MAE: 0.5976, Val MAE: 0.6673, Test MAE: 0.6928, Train R²: -0.3926, Val R²: -0.6345, Test R²: -0.4660
2024-09-18 07:25:40,124 - INFO - Epoch 88, Train Loss: 0.5656, Train RMSE: 0.8670, Val RMSE: 0.9161, Test RMSE: 1.0187, Train MAE: 0.5978, Val MAE: 0.6678, Test MAE: 0.6933, Train R²: -0.3942, Val R²: -0.6364, Test R²: -0.4674
2024-09-18 07:26:27,508 - INFO - Epoch 89, Train Loss: 0.5633, Train RMSE: 0.8661, Val RMSE: 0.9150, Test RMSE: 1.0177, Train MAE: 0.5973, Val MAE: 0.6669, Test MAE: 0.6924, Train R²: -0.3913, Val R²: -0.6323, Test R²: -0.4644
2024-09-18 07:27:11,881 - INFO - Epoch 90, Train Loss: 0.5644, Train RMSE: 0.8667, Val RMSE: 0.9158, Test RMSE: 1.0185, Train MAE: 0.5977, Val MAE: 0.6676, Test MAE: 0.6931, Train R²: -0.3935, Val R²: -0.6354, Test R²: -0.4667
2024-09-18 07:28:07,613 - INFO - Epoch 91, Train Loss: 0.5639, Train RMSE: 0.8664, Val RMSE: 0.9154, Test RMSE: 1.0181, Train MAE: 0.5975, Val MAE: 0.6672, Test MAE: 0.6927, Train R²: -0.3923, Val R²: -0.6340, Test R²: -0.4656
2024-09-18 07:28:51,782 - INFO - Epoch 92, Train Loss: 0.5628, Train RMSE: 0.8641, Val RMSE: 0.9128, Test RMSE: 1.0157, Train MAE: 0.5963, Val MAE: 0.6650, Test MAE: 0.6906, Train R²: -0.3851, Val R²: -0.6245, Test R²: -0.4587
2024-09-18 07:29:34,249 - INFO - Epoch 93, Train Loss: 0.5637, Train RMSE: 0.8642, Val RMSE: 0.9128, Test RMSE: 1.0157, Train MAE: 0.5964, Val MAE: 0.6651, Test MAE: 0.6906, Train R²: -0.3852, Val R²: -0.6247, Test R²: -0.4588
2024-09-18 07:30:13,633 - INFO - Epoch 94, Train Loss: 0.5642, Train RMSE: 0.8641, Val RMSE: 0.9127, Test RMSE: 1.0156, Train MAE: 0.5963, Val MAE: 0.6650, Test MAE: 0.6905, Train R²: -0.3849, Val R²: -0.6243, Test R²: -0.4585
2024-09-18 07:31:10,741 - INFO - Epoch 95, Train Loss: 0.5635, Train RMSE: 0.8645, Val RMSE: 0.9132, Test RMSE: 1.0160, Train MAE: 0.5965, Val MAE: 0.6653, Test MAE: 0.6909, Train R²: -0.3862, Val R²: -0.6259, Test R²: -0.4597
2024-09-18 07:33:19,116 - INFO - Epoch 96, Train Loss: 0.5647, Train RMSE: 0.8644, Val RMSE: 0.9131, Test RMSE: 1.0160, Train MAE: 0.5964, Val MAE: 0.6653, Test MAE: 0.6909, Train R²: -0.3859, Val R²: -0.6257, Test R²: -0.4596
2024-09-18 07:35:09,169 - INFO - Epoch 97, Train Loss: 0.5632, Train RMSE: 0.8651, Val RMSE: 0.9138, Test RMSE: 1.0166, Train MAE: 0.5968, Val MAE: 0.6659, Test MAE: 0.6914, Train R²: -0.3880, Val R²: -0.6281, Test R²: -0.4613
2024-09-18 07:36:43,697 - INFO - Epoch 98, Train Loss: 0.5647, Train RMSE: 0.8654, Val RMSE: 0.9144, Test RMSE: 1.0171, Train MAE: 0.5970, Val MAE: 0.6663, Test MAE: 0.6919, Train R²: -0.3892, Val R²: -0.6302, Test R²: -0.4628
2024-09-18 07:37:25,768 - INFO - Epoch 99, Train Loss: 0.5631, Train RMSE: 0.8645, Val RMSE: 0.9132, Test RMSE: 1.0161, Train MAE: 0.5965, Val MAE: 0.6654, Test MAE: 0.6910, Train R²: -0.3864, Val R²: -0.6262, Test R²: -0.4599
2024-09-18 07:38:53,679 - INFO - Epoch 100, Train Loss: 0.5635, Train RMSE: 0.8639, Val RMSE: 0.9126, Test RMSE: 1.0155, Train MAE: 0.5962, Val MAE: 0.6649, Test MAE: 0.6905, Train R²: -0.3844, Val R²: -0.6240, Test R²: -0.4583
Traceback (most recent call last):
  File "/u/mbanisharifdehkordi/Github/GNN_4_IO/gnn_training121.py", line 477, in <module>
    # Train the model
  File "/u/mbanisharifdehkordi/Github/GNN_4_IO/gnn_training121.py", line 371, in train
    if not update_logs_and_charts:
TypeError: save_plots() takes 7 positional arguments but 11 were given
