2024-09-18 05:38:46,644 - INFO - Epoch 1, Train Loss: 0.6752, Train RMSE: 1.0684, Val RMSE: 1.1770, Test RMSE: 1.3177, Train MAE: 0.7910, Val MAE: 0.9226, Test MAE: 0.9669, Train R²: -1.1904, Val R²: -1.5891, Test R²: -1.1019
2024-09-18 05:39:42,143 - INFO - Epoch 2, Train Loss: 0.5771, Train RMSE: 1.0682, Val RMSE: 1.1770, Test RMSE: 1.3177, Train MAE: 0.7907, Val MAE: 0.9227, Test MAE: 0.9671, Train R²: -1.1894, Val R²: -1.5892, Test R²: -1.1021
2024-09-18 05:40:40,371 - INFO - Epoch 3, Train Loss: 0.5720, Train RMSE: 1.0609, Val RMSE: 1.1690, Test RMSE: 1.3103, Train MAE: 0.7815, Val MAE: 0.9136, Test MAE: 0.9592, Train R²: -1.1595, Val R²: -1.5541, Test R²: -1.0786
2024-09-18 05:41:34,474 - INFO - Epoch 4, Train Loss: 0.5648, Train RMSE: 1.0586, Val RMSE: 1.1666, Test RMSE: 1.3081, Train MAE: 0.7789, Val MAE: 0.9110, Test MAE: 0.9568, Train R²: -1.1501, Val R²: -1.5439, Test R²: -1.0716
2024-09-18 05:42:26,956 - INFO - Epoch 5, Train Loss: 0.5609, Train RMSE: 1.0436, Val RMSE: 1.1505, Test RMSE: 1.2932, Train MAE: 0.7603, Val MAE: 0.8930, Test MAE: 0.9408, Train R²: -1.0896, Val R²: -1.4741, Test R²: -1.0247
2024-09-18 05:43:56,499 - INFO - Epoch 6, Train Loss: 0.5623, Train RMSE: 1.0363, Val RMSE: 1.1427, Test RMSE: 1.2861, Train MAE: 0.7518, Val MAE: 0.8843, Test MAE: 0.9332, Train R²: -1.0607, Val R²: -1.4407, Test R²: -1.0024
2024-09-18 05:44:52,852 - INFO - Epoch 7, Train Loss: 0.5591, Train RMSE: 1.0453, Val RMSE: 1.1528, Test RMSE: 1.2953, Train MAE: 0.7628, Val MAE: 0.8955, Test MAE: 0.9431, Train R²: -1.0965, Val R²: -1.4837, Test R²: -1.0313
2024-09-18 05:45:59,711 - INFO - Epoch 8, Train Loss: 0.5588, Train RMSE: 1.0313, Val RMSE: 1.1379, Test RMSE: 1.2817, Train MAE: 0.7462, Val MAE: 0.8789, Test MAE: 0.9284, Train R²: -1.0407, Val R²: -1.4199, Test R²: -0.9886
2024-09-18 05:46:47,263 - INFO - Epoch 9, Train Loss: 0.5546, Train RMSE: 1.0232, Val RMSE: 1.1293, Test RMSE: 1.2738, Train MAE: 0.7370, Val MAE: 0.8692, Test MAE: 0.9198, Train R²: -1.0088, Val R²: -1.3835, Test R²: -0.9642
2024-09-18 05:47:34,910 - INFO - Epoch 10, Train Loss: 0.5594, Train RMSE: 1.0240, Val RMSE: 1.1298, Test RMSE: 1.2743, Train MAE: 0.7376, Val MAE: 0.8698, Test MAE: 0.9203, Train R²: -1.0120, Val R²: -1.3856, Test R²: -0.9657
2024-09-18 05:48:21,578 - INFO - Epoch 11, Train Loss: 0.5549, Train RMSE: 1.0134, Val RMSE: 1.1183, Test RMSE: 1.2636, Train MAE: 0.7254, Val MAE: 0.8568, Test MAE: 0.9088, Train R²: -0.9706, Val R²: -1.3374, Test R²: -0.9330
2024-09-18 05:49:18,316 - INFO - Epoch 12, Train Loss: 0.5569, Train RMSE: 1.0228, Val RMSE: 1.1282, Test RMSE: 1.2727, Train MAE: 0.7361, Val MAE: 0.8680, Test MAE: 0.9187, Train R²: -1.0074, Val R²: -1.3789, Test R²: -0.9608
2024-09-18 05:50:14,614 - INFO - Epoch 13, Train Loss: 0.5549, Train RMSE: 1.0148, Val RMSE: 1.1195, Test RMSE: 1.2649, Train MAE: 0.7264, Val MAE: 0.8583, Test MAE: 0.9102, Train R²: -0.9758, Val R²: -1.3426, Test R²: -0.9368
2024-09-18 05:51:08,891 - INFO - Epoch 14, Train Loss: 0.5561, Train RMSE: 1.0098, Val RMSE: 1.1140, Test RMSE: 1.2598, Train MAE: 0.7207, Val MAE: 0.8521, Test MAE: 0.9046, Train R²: -0.9566, Val R²: -1.3196, Test R²: -0.9213
2024-09-18 05:52:04,851 - INFO - Epoch 15, Train Loss: 0.5539, Train RMSE: 0.9976, Val RMSE: 1.1010, Test RMSE: 1.2478, Train MAE: 0.7064, Val MAE: 0.8377, Test MAE: 0.8916, Train R²: -0.9095, Val R²: -1.2657, Test R²: -0.8849
2024-09-18 05:53:50,641 - INFO - Epoch 16, Train Loss: 0.5547, Train RMSE: 1.0082, Val RMSE: 1.1124, Test RMSE: 1.2582, Train MAE: 0.7187, Val MAE: 0.8503, Test MAE: 0.9030, Train R²: -0.9502, Val R²: -1.3128, Test R²: -0.9165
2024-09-18 05:54:39,676 - INFO - Epoch 17, Train Loss: 0.5558, Train RMSE: 1.0011, Val RMSE: 1.1049, Test RMSE: 1.2514, Train MAE: 0.7107, Val MAE: 0.8420, Test MAE: 0.8956, Train R²: -0.9230, Val R²: -1.2819, Test R²: -0.8959
2024-09-18 05:55:24,694 - INFO - Epoch 18, Train Loss: 0.5519, Train RMSE: 0.9899, Val RMSE: 1.0928, Test RMSE: 1.2402, Train MAE: 0.6974, Val MAE: 0.8287, Test MAE: 0.8834, Train R²: -0.8804, Val R²: -1.2319, Test R²: -0.8621
2024-09-18 05:56:09,796 - INFO - Epoch 19, Train Loss: 0.5529, Train RMSE: 0.9772, Val RMSE: 1.0791, Test RMSE: 1.2277, Train MAE: 0.6829, Val MAE: 0.8140, Test MAE: 0.8699, Train R²: -0.8321, Val R²: -1.1765, Test R²: -0.8246
2024-09-18 05:56:54,345 - INFO - Epoch 20, Train Loss: 0.5538, Train RMSE: 0.9730, Val RMSE: 1.0742, Test RMSE: 1.2231, Train MAE: 0.6777, Val MAE: 0.8088, Test MAE: 0.8651, Train R²: -0.8164, Val R²: -1.1566, Test R²: -0.8112
2024-09-18 05:57:40,700 - INFO - Epoch 21, Train Loss: 0.5503, Train RMSE: 0.9694, Val RMSE: 1.0705, Test RMSE: 1.2198, Train MAE: 0.6739, Val MAE: 0.8048, Test MAE: 0.8614, Train R²: -0.8030, Val R²: -1.1418, Test R²: -0.8013
2024-09-18 05:58:31,142 - INFO - Epoch 22, Train Loss: 0.5514, Train RMSE: 0.9758, Val RMSE: 1.0774, Test RMSE: 1.2261, Train MAE: 0.6812, Val MAE: 0.8122, Test MAE: 0.8683, Train R²: -0.8271, Val R²: -1.1695, Test R²: -0.8200
2024-09-18 05:59:25,690 - INFO - Epoch 23, Train Loss: 0.5507, Train RMSE: 0.9728, Val RMSE: 1.0741, Test RMSE: 1.2231, Train MAE: 0.6777, Val MAE: 0.8086, Test MAE: 0.8650, Train R²: -0.8159, Val R²: -1.1561, Test R²: -0.8111
2024-09-18 06:00:15,708 - INFO - Epoch 24, Train Loss: 0.5539, Train RMSE: 0.9792, Val RMSE: 1.0811, Test RMSE: 1.2295, Train MAE: 0.6853, Val MAE: 0.8163, Test MAE: 0.8720, Train R²: -0.8399, Val R²: -1.1846, Test R²: -0.8301
2024-09-18 06:01:09,070 - INFO - Epoch 25, Train Loss: 0.5519, Train RMSE: 0.9747, Val RMSE: 1.0762, Test RMSE: 1.2250, Train MAE: 0.6801, Val MAE: 0.8109, Test MAE: 0.8672, Train R²: -0.8231, Val R²: -1.1646, Test R²: -0.8166
2024-09-18 06:02:00,388 - INFO - Epoch 26, Train Loss: 0.5506, Train RMSE: 0.9666, Val RMSE: 1.0671, Test RMSE: 1.2167, Train MAE: 0.6706, Val MAE: 0.8012, Test MAE: 0.8582, Train R²: -0.7928, Val R²: -1.1284, Test R²: -0.7920
2024-09-18 06:02:53,012 - INFO - Epoch 27, Train Loss: 0.5505, Train RMSE: 0.9666, Val RMSE: 1.0672, Test RMSE: 1.2167, Train MAE: 0.6707, Val MAE: 0.8013, Test MAE: 0.8583, Train R²: -0.7925, Val R²: -1.1289, Test R²: -0.7922
2024-09-18 06:03:51,098 - INFO - Epoch 28, Train Loss: 0.5513, Train RMSE: 0.9699, Val RMSE: 1.0709, Test RMSE: 1.2200, Train MAE: 0.6746, Val MAE: 0.8052, Test MAE: 0.8619, Train R²: -0.8050, Val R²: -1.1433, Test R²: -0.8018
2024-09-18 06:04:44,313 - INFO - Epoch 29, Train Loss: 0.5523, Train RMSE: 0.9597, Val RMSE: 1.0598, Test RMSE: 1.2099, Train MAE: 0.6630, Val MAE: 0.7933, Test MAE: 0.8509, Train R²: -0.7672, Val R²: -1.0993, Test R²: -0.7721
2024-09-18 06:05:41,449 - INFO - Epoch 30, Train Loss: 0.5513, Train RMSE: 0.9571, Val RMSE: 1.0567, Test RMSE: 1.2071, Train MAE: 0.6598, Val MAE: 0.7899, Test MAE: 0.8479, Train R²: -0.7575, Val R²: -1.0872, Test R²: -0.7639
2024-09-18 06:06:38,613 - INFO - Epoch 31, Train Loss: 0.5508, Train RMSE: 0.9552, Val RMSE: 1.0546, Test RMSE: 1.2051, Train MAE: 0.6576, Val MAE: 0.7876, Test MAE: 0.8458, Train R²: -0.7505, Val R²: -1.0788, Test R²: -0.7581
2024-09-18 06:07:28,508 - INFO - Epoch 32, Train Loss: 0.5499, Train RMSE: 0.9513, Val RMSE: 1.0503, Test RMSE: 1.2012, Train MAE: 0.6531, Val MAE: 0.7830, Test MAE: 0.8415, Train R²: -0.7363, Val R²: -1.0619, Test R²: -0.7467
2024-09-18 06:08:20,797 - INFO - Epoch 33, Train Loss: 0.5522, Train RMSE: 0.9499, Val RMSE: 1.0486, Test RMSE: 1.1996, Train MAE: 0.6515, Val MAE: 0.7811, Test MAE: 0.8399, Train R²: -0.7312, Val R²: -1.0553, Test R²: -0.7421
2024-09-18 06:09:10,818 - INFO - Epoch 34, Train Loss: 0.5512, Train RMSE: 0.9532, Val RMSE: 1.0522, Test RMSE: 1.2030, Train MAE: 0.6551, Val MAE: 0.7851, Test MAE: 0.8435, Train R²: -0.7433, Val R²: -1.0695, Test R²: -0.7519
2024-09-18 06:09:59,394 - INFO - Epoch 35, Train Loss: 0.5521, Train RMSE: 0.9496, Val RMSE: 1.0485, Test RMSE: 1.1995, Train MAE: 0.6512, Val MAE: 0.7810, Test MAE: 0.8398, Train R²: -0.7301, Val R²: -1.0546, Test R²: -0.7419
2024-09-18 06:10:48,109 - INFO - Epoch 36, Train Loss: 0.5510, Train RMSE: 0.9415, Val RMSE: 1.0392, Test RMSE: 1.1911, Train MAE: 0.6418, Val MAE: 0.7708, Test MAE: 0.8309, Train R²: -0.7008, Val R²: -1.0185, Test R²: -0.7175
2024-09-18 06:11:47,231 - INFO - Epoch 37, Train Loss: 0.5509, Train RMSE: 0.9391, Val RMSE: 1.0368, Test RMSE: 1.1889, Train MAE: 0.6395, Val MAE: 0.7682, Test MAE: 0.8286, Train R²: -0.6922, Val R²: -1.0091, Test R²: -0.7110
2024-09-18 06:12:39,386 - INFO - Epoch 38, Train Loss: 0.5486, Train RMSE: 0.9351, Val RMSE: 1.0323, Test RMSE: 1.1848, Train MAE: 0.6351, Val MAE: 0.7633, Test MAE: 0.8244, Train R²: -0.6777, Val R²: -0.9918, Test R²: -0.6994
2024-09-18 06:13:30,246 - INFO - Epoch 39, Train Loss: 0.5491, Train RMSE: 0.9296, Val RMSE: 1.0263, Test RMSE: 1.1793, Train MAE: 0.6295, Val MAE: 0.7567, Test MAE: 0.8188, Train R²: -0.6581, Val R²: -0.9686, Test R²: -0.6835
2024-09-18 06:14:22,270 - INFO - Epoch 40, Train Loss: 0.5515, Train RMSE: 0.9317, Val RMSE: 1.0286, Test RMSE: 1.1813, Train MAE: 0.6315, Val MAE: 0.7592, Test MAE: 0.8209, Train R²: -0.6657, Val R²: -0.9774, Test R²: -0.6894
2024-09-18 06:15:13,941 - INFO - Epoch 41, Train Loss: 0.5501, Train RMSE: 0.9396, Val RMSE: 1.0373, Test RMSE: 1.1891, Train MAE: 0.6400, Val MAE: 0.7688, Test MAE: 0.8290, Train R²: -0.6940, Val R²: -1.0110, Test R²: -0.7118
2024-09-18 06:16:07,376 - INFO - Epoch 42, Train Loss: 0.5493, Train RMSE: 0.9325, Val RMSE: 1.0294, Test RMSE: 1.1820, Train MAE: 0.6323, Val MAE: 0.7601, Test MAE: 0.8217, Train R²: -0.6683, Val R²: -0.9806, Test R²: -0.6913
2024-09-18 06:17:04,128 - INFO - Epoch 43, Train Loss: 0.5497, Train RMSE: 0.9289, Val RMSE: 1.0252, Test RMSE: 1.1782, Train MAE: 0.6285, Val MAE: 0.7555, Test MAE: 0.8178, Train R²: -0.6555, Val R²: -0.9645, Test R²: -0.6804
2024-09-18 06:17:58,049 - INFO - Epoch 44, Train Loss: 0.5484, Train RMSE: 0.9303, Val RMSE: 1.0268, Test RMSE: 1.1796, Train MAE: 0.6300, Val MAE: 0.7572, Test MAE: 0.8193, Train R²: -0.6604, Val R²: -0.9706, Test R²: -0.6845
2024-09-18 06:19:34,720 - INFO - Epoch 45, Train Loss: 0.5491, Train RMSE: 0.9247, Val RMSE: 1.0209, Test RMSE: 1.1743, Train MAE: 0.6243, Val MAE: 0.7508, Test MAE: 0.8137, Train R²: -0.6407, Val R²: -0.9479, Test R²: -0.6694
2024-09-18 06:20:29,303 - INFO - Epoch 46, Train Loss: 0.5479, Train RMSE: 0.9152, Val RMSE: 1.0100, Test RMSE: 1.1645, Train MAE: 0.6147, Val MAE: 0.7391, Test MAE: 0.8037, Train R²: -0.6072, Val R²: -0.9068, Test R²: -0.6416
2024-09-18 06:21:47,039 - INFO - Epoch 47, Train Loss: 0.5499, Train RMSE: 0.9176, Val RMSE: 1.0127, Test RMSE: 1.1669, Train MAE: 0.6170, Val MAE: 0.7420, Test MAE: 0.8061, Train R²: -0.6157, Val R²: -0.9169, Test R²: -0.6484
2024-09-18 06:22:37,173 - INFO - Epoch 48, Train Loss: 0.5501, Train RMSE: 0.9153, Val RMSE: 1.0102, Test RMSE: 1.1645, Train MAE: 0.6148, Val MAE: 0.7392, Test MAE: 0.8039, Train R²: -0.6076, Val R²: -0.9074, Test R²: -0.6417
2024-09-18 06:23:41,793 - INFO - Epoch 49, Train Loss: 0.5468, Train RMSE: 0.9149, Val RMSE: 1.0097, Test RMSE: 1.1641, Train MAE: 0.6144, Val MAE: 0.7387, Test MAE: 0.8034, Train R²: -0.6061, Val R²: -0.9056, Test R²: -0.6405
2024-09-18 06:24:35,159 - INFO - Epoch 50, Train Loss: 0.5503, Train RMSE: 0.9173, Val RMSE: 1.0125, Test RMSE: 1.1666, Train MAE: 0.6167, Val MAE: 0.7417, Test MAE: 0.8059, Train R²: -0.6146, Val R²: -0.9162, Test R²: -0.6476
2024-09-18 06:25:26,906 - INFO - Epoch 51, Train Loss: 0.5488, Train RMSE: 0.9145, Val RMSE: 1.0092, Test RMSE: 1.1636, Train MAE: 0.6140, Val MAE: 0.7382, Test MAE: 0.8030, Train R²: -0.6046, Val R²: -0.9038, Test R²: -0.6392
2024-09-18 06:26:19,587 - INFO - Epoch 52, Train Loss: 0.5499, Train RMSE: 0.9147, Val RMSE: 1.0096, Test RMSE: 1.1640, Train MAE: 0.6143, Val MAE: 0.7386, Test MAE: 0.8033, Train R²: -0.6055, Val R²: -0.9051, Test R²: -0.6402
2024-09-18 06:27:08,136 - INFO - Epoch 53, Train Loss: 0.5478, Train RMSE: 0.9123, Val RMSE: 1.0070, Test RMSE: 1.1616, Train MAE: 0.6120, Val MAE: 0.7357, Test MAE: 0.8009, Train R²: -0.5968, Val R²: -0.8952, Test R²: -0.6334
2024-09-18 06:27:58,207 - INFO - Epoch 54, Train Loss: 0.5494, Train RMSE: 0.9159, Val RMSE: 1.0109, Test RMSE: 1.1650, Train MAE: 0.6155, Val MAE: 0.7400, Test MAE: 0.8045, Train R²: -0.6096, Val R²: -0.9100, Test R²: -0.6432
2024-09-18 06:28:45,771 - INFO - Epoch 55, Train Loss: 0.5469, Train RMSE: 0.9088, Val RMSE: 1.0029, Test RMSE: 1.1579, Train MAE: 0.6090, Val MAE: 0.7313, Test MAE: 0.7972, Train R²: -0.5848, Val R²: -0.8800, Test R²: -0.6231
2024-09-18 06:29:33,930 - INFO - Epoch 56, Train Loss: 0.5484, Train RMSE: 0.9164, Val RMSE: 1.0115, Test RMSE: 1.1656, Train MAE: 0.6159, Val MAE: 0.7406, Test MAE: 0.8050, Train R²: -0.6115, Val R²: -0.9121, Test R²: -0.6448
2024-09-18 06:30:25,530 - INFO - Epoch 57, Train Loss: 0.5467, Train RMSE: 0.9160, Val RMSE: 1.0110, Test RMSE: 1.1652, Train MAE: 0.6155, Val MAE: 0.7401, Test MAE: 0.8045, Train R²: -0.6101, Val R²: -0.9103, Test R²: -0.6437
2024-09-18 06:31:12,268 - INFO - Epoch 58, Train Loss: 0.5495, Train RMSE: 0.9051, Val RMSE: 0.9988, Test RMSE: 1.1542, Train MAE: 0.6063, Val MAE: 0.7268, Test MAE: 0.7934, Train R²: -0.5719, Val R²: -0.8645, Test R²: -0.6127
2024-09-18 06:32:01,963 - INFO - Epoch 59, Train Loss: 0.5483, Train RMSE: 0.9052, Val RMSE: 0.9989, Test RMSE: 1.1542, Train MAE: 0.6064, Val MAE: 0.7269, Test MAE: 0.7936, Train R²: -0.5722, Val R²: -0.8648, Test R²: -0.6129
2024-09-18 06:32:48,662 - INFO - Epoch 60, Train Loss: 0.5502, Train RMSE: 0.9066, Val RMSE: 1.0005, Test RMSE: 1.1558, Train MAE: 0.6075, Val MAE: 0.7287, Test MAE: 0.7950, Train R²: -0.5771, Val R²: -0.8710, Test R²: -0.6171
2024-09-18 06:33:42,639 - INFO - Epoch 61, Train Loss: 0.5480, Train RMSE: 0.9095, Val RMSE: 1.0038, Test RMSE: 1.1587, Train MAE: 0.6099, Val MAE: 0.7323, Test MAE: 0.7980, Train R²: -0.5873, Val R²: -0.8834, Test R²: -0.6254
2024-09-18 06:34:31,282 - INFO - Epoch 62, Train Loss: 0.5457, Train RMSE: 0.9096, Val RMSE: 1.0038, Test RMSE: 1.1587, Train MAE: 0.6099, Val MAE: 0.7323, Test MAE: 0.7980, Train R²: -0.5875, Val R²: -0.8834, Test R²: -0.6254
2024-09-18 06:35:28,486 - INFO - Epoch 63, Train Loss: 0.5473, Train RMSE: 0.9086, Val RMSE: 1.0027, Test RMSE: 1.1577, Train MAE: 0.6090, Val MAE: 0.7311, Test MAE: 0.7970, Train R²: -0.5842, Val R²: -0.8792, Test R²: -0.6226
2024-09-18 06:36:22,154 - INFO - Epoch 64, Train Loss: 0.5494, Train RMSE: 0.9103, Val RMSE: 1.0046, Test RMSE: 1.1594, Train MAE: 0.6104, Val MAE: 0.7331, Test MAE: 0.7988, Train R²: -0.5899, Val R²: -0.8862, Test R²: -0.6273
2024-09-18 06:37:18,279 - INFO - Epoch 65, Train Loss: 0.5499, Train RMSE: 0.9061, Val RMSE: 0.9999, Test RMSE: 1.1552, Train MAE: 0.6071, Val MAE: 0.7281, Test MAE: 0.7945, Train R²: -0.5755, Val R²: -0.8689, Test R²: -0.6154
2024-09-18 06:38:11,985 - INFO - Epoch 66, Train Loss: 0.5486, Train RMSE: 0.9098, Val RMSE: 1.0039, Test RMSE: 1.1587, Train MAE: 0.6100, Val MAE: 0.7324, Test MAE: 0.7981, Train R²: -0.5883, Val R²: -0.8835, Test R²: -0.6254
2024-09-18 06:39:09,534 - INFO - Epoch 67, Train Loss: 0.5474, Train RMSE: 0.9080, Val RMSE: 1.0021, Test RMSE: 1.1571, Train MAE: 0.6086, Val MAE: 0.7304, Test MAE: 0.7965, Train R²: -0.5821, Val R²: -0.8768, Test R²: -0.6208
2024-09-18 06:40:06,149 - INFO - Epoch 68, Train Loss: 0.5465, Train RMSE: 0.9056, Val RMSE: 0.9994, Test RMSE: 1.1547, Train MAE: 0.6068, Val MAE: 0.7275, Test MAE: 0.7940, Train R²: -0.5736, Val R²: -0.8668, Test R²: -0.6140
2024-09-18 06:41:00,341 - INFO - Epoch 69, Train Loss: 0.5498, Train RMSE: 0.9060, Val RMSE: 0.9997, Test RMSE: 1.1549, Train MAE: 0.6071, Val MAE: 0.7279, Test MAE: 0.7943, Train R²: -0.5748, Val R²: -0.8679, Test R²: -0.6148
2024-09-18 06:41:59,774 - INFO - Epoch 70, Train Loss: 0.5487, Train RMSE: 0.9083, Val RMSE: 1.0025, Test RMSE: 1.1574, Train MAE: 0.6090, Val MAE: 0.7309, Test MAE: 0.7968, Train R²: -0.5831, Val R²: -0.8782, Test R²: -0.6218
2024-09-18 06:42:48,601 - INFO - Epoch 71, Train Loss: 0.5475, Train RMSE: 0.9012, Val RMSE: 0.9942, Test RMSE: 1.1500, Train MAE: 0.6034, Val MAE: 0.7219, Test MAE: 0.7893, Train R²: -0.5584, Val R²: -0.8475, Test R²: -0.6010
2024-09-18 06:43:42,011 - INFO - Epoch 72, Train Loss: 0.5473, Train RMSE: 0.9000, Val RMSE: 0.9929, Test RMSE: 1.1488, Train MAE: 0.6025, Val MAE: 0.7205, Test MAE: 0.7881, Train R²: -0.5542, Val R²: -0.8426, Test R²: -0.5977
2024-09-18 06:44:40,913 - INFO - Epoch 73, Train Loss: 0.5481, Train RMSE: 0.9027, Val RMSE: 0.9959, Test RMSE: 1.1515, Train MAE: 0.6043, Val MAE: 0.7237, Test MAE: 0.7909, Train R²: -0.5634, Val R²: -0.8538, Test R²: -0.6052
2024-09-18 06:45:38,512 - INFO - Epoch 74, Train Loss: 0.5471, Train RMSE: 0.9025, Val RMSE: 0.9956, Test RMSE: 1.1512, Train MAE: 0.6043, Val MAE: 0.7234, Test MAE: 0.7906, Train R²: -0.5628, Val R²: -0.8527, Test R²: -0.6044
2024-09-18 06:46:32,805 - INFO - Epoch 75, Train Loss: 0.5467, Train RMSE: 0.9017, Val RMSE: 0.9950, Test RMSE: 1.1507, Train MAE: 0.6038, Val MAE: 0.7227, Test MAE: 0.7900, Train R²: -0.5601, Val R²: -0.8503, Test R²: -0.6029
2024-09-18 06:47:26,900 - INFO - Epoch 76, Train Loss: 0.5471, Train RMSE: 0.8999, Val RMSE: 0.9928, Test RMSE: 1.1487, Train MAE: 0.6024, Val MAE: 0.7204, Test MAE: 0.7880, Train R²: -0.5540, Val R²: -0.8424, Test R²: -0.5975
2024-09-18 06:48:21,935 - INFO - Epoch 77, Train Loss: 0.5474, Train RMSE: 0.8982, Val RMSE: 0.9908, Test RMSE: 1.1469, Train MAE: 0.6012, Val MAE: 0.7182, Test MAE: 0.7862, Train R²: -0.5481, Val R²: -0.8347, Test R²: -0.5923
2024-09-18 06:49:18,733 - INFO - Epoch 78, Train Loss: 0.5491, Train RMSE: 0.8981, Val RMSE: 0.9908, Test RMSE: 1.1469, Train MAE: 0.6010, Val MAE: 0.7182, Test MAE: 0.7862, Train R²: -0.5477, Val R²: -0.8348, Test R²: -0.5924
2024-09-18 06:50:10,183 - INFO - Epoch 79, Train Loss: 0.5465, Train RMSE: 0.8984, Val RMSE: 0.9909, Test RMSE: 1.1470, Train MAE: 0.6012, Val MAE: 0.7183, Test MAE: 0.7863, Train R²: -0.5486, Val R²: -0.8352, Test R²: -0.5926
2024-09-18 06:50:58,825 - INFO - Epoch 80, Train Loss: 0.5482, Train RMSE: 0.8970, Val RMSE: 0.9896, Test RMSE: 1.1457, Train MAE: 0.6002, Val MAE: 0.7169, Test MAE: 0.7851, Train R²: -0.5438, Val R²: -0.8303, Test R²: -0.5892
2024-09-18 06:51:53,120 - INFO - Epoch 81, Train Loss: 0.5462, Train RMSE: 0.8965, Val RMSE: 0.9890, Test RMSE: 1.1453, Train MAE: 0.5998, Val MAE: 0.7164, Test MAE: 0.7846, Train R²: -0.5420, Val R²: -0.8282, Test R²: -0.5879
2024-09-18 06:52:46,871 - INFO - Epoch 82, Train Loss: 0.5475, Train RMSE: 0.8992, Val RMSE: 0.9920, Test RMSE: 1.1479, Train MAE: 0.6019, Val MAE: 0.7195, Test MAE: 0.7873, Train R²: -0.5514, Val R²: -0.8392, Test R²: -0.5953
2024-09-18 06:53:37,734 - INFO - Epoch 83, Train Loss: 0.5474, Train RMSE: 0.8959, Val RMSE: 0.9882, Test RMSE: 1.1445, Train MAE: 0.5995, Val MAE: 0.7155, Test MAE: 0.7838, Train R²: -0.5400, Val R²: -0.8253, Test R²: -0.5859
2024-09-18 06:54:37,349 - INFO - Epoch 84, Train Loss: 0.5455, Train RMSE: 0.8963, Val RMSE: 0.9888, Test RMSE: 1.1450, Train MAE: 0.5998, Val MAE: 0.7161, Test MAE: 0.7843, Train R²: -0.5414, Val R²: -0.8273, Test R²: -0.5873
2024-09-18 06:55:35,557 - INFO - Epoch 85, Train Loss: 0.5468, Train RMSE: 0.8968, Val RMSE: 0.9893, Test RMSE: 1.1456, Train MAE: 0.6001, Val MAE: 0.7167, Test MAE: 0.7848, Train R²: -0.5432, Val R²: -0.8294, Test R²: -0.5887
2024-09-18 06:56:28,063 - INFO - Epoch 86, Train Loss: 0.5467, Train RMSE: 0.8963, Val RMSE: 0.9888, Test RMSE: 1.1451, Train MAE: 0.5998, Val MAE: 0.7161, Test MAE: 0.7844, Train R²: -0.5413, Val R²: -0.8275, Test R²: -0.5874
2024-09-18 06:57:20,667 - INFO - Epoch 87, Train Loss: 0.5476, Train RMSE: 0.8935, Val RMSE: 0.9856, Test RMSE: 1.1422, Train MAE: 0.5977, Val MAE: 0.7129, Test MAE: 0.7815, Train R²: -0.5317, Val R²: -0.8157, Test R²: -0.5794
2024-09-18 06:58:10,580 - INFO - Epoch 88, Train Loss: 0.5484, Train RMSE: 0.8929, Val RMSE: 0.9849, Test RMSE: 1.1415, Train MAE: 0.5972, Val MAE: 0.7121, Test MAE: 0.7808, Train R²: -0.5299, Val R²: -0.8129, Test R²: -0.5775
2024-09-18 06:59:02,539 - INFO - Epoch 89, Train Loss: 0.5469, Train RMSE: 0.8948, Val RMSE: 0.9870, Test RMSE: 1.1435, Train MAE: 0.5986, Val MAE: 0.7143, Test MAE: 0.7827, Train R²: -0.5364, Val R²: -0.8209, Test R²: -0.5830
2024-09-18 06:59:52,077 - INFO - Epoch 90, Train Loss: 0.5450, Train RMSE: 0.8921, Val RMSE: 0.9840, Test RMSE: 1.1407, Train MAE: 0.5967, Val MAE: 0.7112, Test MAE: 0.7800, Train R²: -0.5271, Val R²: -0.8097, Test R²: -0.5754
2024-09-18 07:00:49,625 - INFO - Epoch 91, Train Loss: 0.5460, Train RMSE: 0.8908, Val RMSE: 0.9826, Test RMSE: 1.1395, Train MAE: 0.5959, Val MAE: 0.7097, Test MAE: 0.7787, Train R²: -0.5225, Val R²: -0.8044, Test R²: -0.5718
2024-09-18 07:01:37,180 - INFO - Epoch 92, Train Loss: 0.5454, Train RMSE: 0.8915, Val RMSE: 0.9833, Test RMSE: 1.1401, Train MAE: 0.5962, Val MAE: 0.7105, Test MAE: 0.7794, Train R²: -0.5249, Val R²: -0.8070, Test R²: -0.5736
2024-09-18 07:02:23,987 - INFO - Epoch 93, Train Loss: 0.5468, Train RMSE: 0.8922, Val RMSE: 0.9842, Test RMSE: 1.1409, Train MAE: 0.5968, Val MAE: 0.7114, Test MAE: 0.7802, Train R²: -0.5275, Val R²: -0.8105, Test R²: -0.5759
2024-09-18 07:03:10,107 - INFO - Epoch 94, Train Loss: 0.5484, Train RMSE: 0.8926, Val RMSE: 0.9846, Test RMSE: 1.1413, Train MAE: 0.5971, Val MAE: 0.7118, Test MAE: 0.7805, Train R²: -0.5287, Val R²: -0.8118, Test R²: -0.5768
2024-09-18 07:03:57,151 - INFO - Epoch 95, Train Loss: 0.5458, Train RMSE: 0.8941, Val RMSE: 0.9863, Test RMSE: 1.1428, Train MAE: 0.5982, Val MAE: 0.7135, Test MAE: 0.7821, Train R²: -0.5339, Val R²: -0.8181, Test R²: -0.5811
2024-09-18 07:04:40,333 - INFO - Epoch 96, Train Loss: 0.5475, Train RMSE: 0.8945, Val RMSE: 0.9866, Test RMSE: 1.1431, Train MAE: 0.5984, Val MAE: 0.7139, Test MAE: 0.7824, Train R²: -0.5352, Val R²: -0.8194, Test R²: -0.5820
2024-09-18 07:05:28,735 - INFO - Epoch 97, Train Loss: 0.5442, Train RMSE: 0.8915, Val RMSE: 0.9832, Test RMSE: 1.1401, Train MAE: 0.5962, Val MAE: 0.7104, Test MAE: 0.7793, Train R²: -0.5248, Val R²: -0.8069, Test R²: -0.5735
2024-09-18 07:06:14,227 - INFO - Epoch 98, Train Loss: 0.5464, Train RMSE: 0.8920, Val RMSE: 0.9836, Test RMSE: 1.1405, Train MAE: 0.5966, Val MAE: 0.7108, Test MAE: 0.7797, Train R²: -0.5267, Val R²: -0.8084, Test R²: -0.5746
2024-09-18 07:07:00,411 - INFO - Epoch 99, Train Loss: 0.5467, Train RMSE: 0.8916, Val RMSE: 0.9833, Test RMSE: 1.1402, Train MAE: 0.5963, Val MAE: 0.7105, Test MAE: 0.7794, Train R²: -0.5254, Val R²: -0.8072, Test R²: -0.5738
2024-09-18 07:07:45,473 - INFO - Epoch 100, Train Loss: 0.5460, Train RMSE: 0.8949, Val RMSE: 0.9870, Test RMSE: 1.1435, Train MAE: 0.5987, Val MAE: 0.7143, Test MAE: 0.7828, Train R²: -0.5366, Val R²: -0.8210, Test R²: -0.5830
Traceback (most recent call last):
  File "/u/mbanisharifdehkordi/Github/GNN_4_IO/gnn_training121.py", line 477, in <module>
    # Train the model
  File "/u/mbanisharifdehkordi/Github/GNN_4_IO/gnn_training121.py", line 371, in train
    if not update_logs_and_charts:
TypeError: save_plots() takes 7 positional arguments but 11 were given
