2024-09-18 05:15:39,159 - INFO - Epoch 1, Train Loss: 0.5676, Train RMSE: 0.9159, Val RMSE: 1.0101, Test RMSE: 1.1638, Train MAE: 0.6163, Val MAE: 0.7389, Test MAE: 0.8036, Train R²: -0.6095, Val R²: -0.9069, Test R²: -0.6398
2024-09-18 05:16:18,361 - INFO - Epoch 2, Train Loss: 0.5526, Train RMSE: 0.9088, Val RMSE: 1.0030, Test RMSE: 1.1578, Train MAE: 0.6092, Val MAE: 0.7313, Test MAE: 0.7971, Train R²: -0.5847, Val R²: -0.8801, Test R²: -0.6229
2024-09-18 05:16:57,222 - INFO - Epoch 3, Train Loss: 0.5520, Train RMSE: 0.8980, Val RMSE: 0.9909, Test RMSE: 1.1466, Train MAE: 0.6010, Val MAE: 0.7182, Test MAE: 0.7862, Train R²: -0.5474, Val R²: -0.8352, Test R²: -0.5916
2024-09-18 05:17:36,012 - INFO - Epoch 4, Train Loss: 0.5494, Train RMSE: 0.8676, Val RMSE: 0.9561, Test RMSE: 1.1155, Train MAE: 0.5798, Val MAE: 0.6829, Test MAE: 0.7551, Train R²: -0.4442, Val R²: -0.7084, Test R²: -0.5064
2024-09-18 05:18:14,510 - INFO - Epoch 5, Train Loss: 0.5451, Train RMSE: 0.8533, Val RMSE: 0.9391, Test RMSE: 1.1002, Train MAE: 0.5717, Val MAE: 0.6662, Test MAE: 0.7407, Train R²: -0.3970, Val R²: -0.6485, Test R²: -0.4654
2024-09-18 05:18:54,937 - INFO - Epoch 6, Train Loss: 0.5465, Train RMSE: 0.8364, Val RMSE: 0.9191, Test RMSE: 1.0821, Train MAE: 0.5637, Val MAE: 0.6470, Test MAE: 0.7245, Train R²: -0.3424, Val R²: -0.5790, Test R²: -0.4176
2024-09-18 05:19:45,513 - INFO - Epoch 7, Train Loss: 0.5461, Train RMSE: 0.7948, Val RMSE: 0.8675, Test RMSE: 1.0358, Train MAE: 0.5501, Val MAE: 0.6026, Test MAE: 0.6827, Train R²: -0.2121, Val R²: -0.4067, Test R²: -0.2987
2024-09-18 05:20:24,624 - INFO - Epoch 8, Train Loss: 0.5447, Train RMSE: 0.7866, Val RMSE: 0.8569, Test RMSE: 1.0266, Train MAE: 0.5477, Val MAE: 0.5950, Test MAE: 0.6753, Train R²: -0.1871, Val R²: -0.3725, Test R²: -0.2760
2024-09-18 05:21:04,102 - INFO - Epoch 9, Train Loss: 0.5442, Train RMSE: 0.7815, Val RMSE: 0.8503, Test RMSE: 1.0209, Train MAE: 0.5461, Val MAE: 0.5908, Test MAE: 0.6706, Train R²: -0.1720, Val R²: -0.3515, Test R²: -0.2616
2024-09-18 05:21:44,643 - INFO - Epoch 10, Train Loss: 0.5429, Train RMSE: 0.7743, Val RMSE: 0.8406, Test RMSE: 1.0120, Train MAE: 0.5445, Val MAE: 0.5854, Test MAE: 0.6632, Train R²: -0.1505, Val R²: -0.3208, Test R²: -0.2398
2024-09-18 05:22:24,840 - INFO - Epoch 11, Train Loss: 0.5437, Train RMSE: 0.7697, Val RMSE: 0.8342, Test RMSE: 1.0063, Train MAE: 0.5436, Val MAE: 0.5816, Test MAE: 0.6583, Train R²: -0.1366, Val R²: -0.3005, Test R²: -0.2259
2024-09-18 05:23:05,441 - INFO - Epoch 12, Train Loss: 0.5429, Train RMSE: 0.7639, Val RMSE: 0.8261, Test RMSE: 0.9991, Train MAE: 0.5429, Val MAE: 0.5768, Test MAE: 0.6520, Train R²: -0.1197, Val R²: -0.2754, Test R²: -0.2084
2024-09-18 05:23:44,314 - INFO - Epoch 13, Train Loss: 0.5427, Train RMSE: 0.7565, Val RMSE: 0.8151, Test RMSE: 0.9890, Train MAE: 0.5424, Val MAE: 0.5709, Test MAE: 0.6437, Train R²: -0.0981, Val R²: -0.2418, Test R²: -0.1840
2024-09-18 05:24:23,631 - INFO - Epoch 14, Train Loss: 0.5427, Train RMSE: 0.7609, Val RMSE: 0.8217, Test RMSE: 0.9952, Train MAE: 0.5427, Val MAE: 0.5744, Test MAE: 0.6488, Train R²: -0.1108, Val R²: -0.2620, Test R²: -0.1989
2024-09-18 05:25:02,442 - INFO - Epoch 15, Train Loss: 0.5425, Train RMSE: 0.7524, Val RMSE: 0.8092, Test RMSE: 0.9840, Train MAE: 0.5425, Val MAE: 0.5675, Test MAE: 0.6395, Train R²: -0.0861, Val R²: -0.2238, Test R²: -0.1723
2024-09-18 05:25:41,100 - INFO - Epoch 16, Train Loss: 0.5428, Train RMSE: 0.7551, Val RMSE: 0.8133, Test RMSE: 0.9876, Train MAE: 0.5425, Val MAE: 0.5697, Test MAE: 0.6423, Train R²: -0.0939, Val R²: -0.2362, Test R²: -0.1809
2024-09-18 05:26:20,354 - INFO - Epoch 17, Train Loss: 0.5424, Train RMSE: 0.7544, Val RMSE: 0.8122, Test RMSE: 0.9867, Train MAE: 0.5425, Val MAE: 0.5691, Test MAE: 0.6416, Train R²: -0.0920, Val R²: -0.2331, Test R²: -0.1787
2024-09-18 05:27:00,921 - INFO - Epoch 18, Train Loss: 0.5422, Train RMSE: 0.7594, Val RMSE: 0.8196, Test RMSE: 0.9934, Train MAE: 0.5425, Val MAE: 0.5732, Test MAE: 0.6472, Train R²: -0.1064, Val R²: -0.2556, Test R²: -0.1946
2024-09-18 05:27:45,182 - INFO - Epoch 19, Train Loss: 0.5422, Train RMSE: 0.7590, Val RMSE: 0.8191, Test RMSE: 0.9929, Train MAE: 0.5425, Val MAE: 0.5730, Test MAE: 0.6468, Train R²: -0.1054, Val R²: -0.2540, Test R²: -0.1936
2024-09-18 05:28:25,833 - INFO - Epoch 20, Train Loss: 0.5428, Train RMSE: 0.7544, Val RMSE: 0.8123, Test RMSE: 0.9868, Train MAE: 0.5425, Val MAE: 0.5691, Test MAE: 0.6417, Train R²: -0.0921, Val R²: -0.2333, Test R²: -0.1789
2024-09-18 05:29:07,654 - INFO - Epoch 21, Train Loss: 0.5426, Train RMSE: 0.7504, Val RMSE: 0.8063, Test RMSE: 0.9814, Train MAE: 0.5425, Val MAE: 0.5662, Test MAE: 0.6376, Train R²: -0.0806, Val R²: -0.2150, Test R²: -0.1660
2024-09-18 05:29:49,058 - INFO - Epoch 22, Train Loss: 0.5424, Train RMSE: 0.7487, Val RMSE: 0.8035, Test RMSE: 0.9789, Train MAE: 0.5425, Val MAE: 0.5652, Test MAE: 0.6360, Train R²: -0.0754, Val R²: -0.2066, Test R²: -0.1601
2024-09-18 05:30:31,325 - INFO - Epoch 23, Train Loss: 0.5427, Train RMSE: 0.7492, Val RMSE: 0.8043, Test RMSE: 0.9796, Train MAE: 0.5425, Val MAE: 0.5655, Test MAE: 0.6365, Train R²: -0.0770, Val R²: -0.2091, Test R²: -0.1618
2024-09-18 05:31:13,796 - INFO - Epoch 24, Train Loss: 0.5426, Train RMSE: 0.7510, Val RMSE: 0.8071, Test RMSE: 0.9822, Train MAE: 0.5425, Val MAE: 0.5666, Test MAE: 0.6381, Train R²: -0.0822, Val R²: -0.2175, Test R²: -0.1678
2024-09-18 05:31:54,286 - INFO - Epoch 25, Train Loss: 0.5424, Train RMSE: 0.7483, Val RMSE: 0.8030, Test RMSE: 0.9785, Train MAE: 0.5424, Val MAE: 0.5650, Test MAE: 0.6357, Train R²: -0.0745, Val R²: -0.2052, Test R²: -0.1590
2024-09-18 05:32:37,064 - INFO - Epoch 26, Train Loss: 0.5424, Train RMSE: 0.7502, Val RMSE: 0.8060, Test RMSE: 0.9811, Train MAE: 0.5425, Val MAE: 0.5661, Test MAE: 0.6375, Train R²: -0.0800, Val R²: -0.2141, Test R²: -0.1654
2024-09-18 05:33:19,711 - INFO - Epoch 27, Train Loss: 0.5425, Train RMSE: 0.7446, Val RMSE: 0.7970, Test RMSE: 0.9731, Train MAE: 0.5425, Val MAE: 0.5627, Test MAE: 0.6320, Train R²: -0.0637, Val R²: -0.1872, Test R²: -0.1463
2024-09-18 05:34:03,393 - INFO - Epoch 28, Train Loss: 0.5424, Train RMSE: 0.7443, Val RMSE: 0.7966, Test RMSE: 0.9727, Train MAE: 0.5425, Val MAE: 0.5625, Test MAE: 0.6317, Train R²: -0.0630, Val R²: -0.1860, Test R²: -0.1455
2024-09-18 05:34:47,053 - INFO - Epoch 29, Train Loss: 0.5428, Train RMSE: 0.7418, Val RMSE: 0.7925, Test RMSE: 0.9691, Train MAE: 0.5425, Val MAE: 0.5609, Test MAE: 0.6291, Train R²: -0.0560, Val R²: -0.1739, Test R²: -0.1368
2024-09-18 05:35:29,891 - INFO - Epoch 30, Train Loss: 0.5427, Train RMSE: 0.7400, Val RMSE: 0.7893, Test RMSE: 0.9662, Train MAE: 0.5425, Val MAE: 0.5596, Test MAE: 0.6270, Train R²: -0.0506, Val R²: -0.1645, Test R²: -0.1302
2024-09-18 05:36:11,427 - INFO - Epoch 31, Train Loss: 0.5424, Train RMSE: 0.7393, Val RMSE: 0.7882, Test RMSE: 0.9652, Train MAE: 0.5425, Val MAE: 0.5591, Test MAE: 0.6263, Train R²: -0.0488, Val R²: -0.1612, Test R²: -0.1278
2024-09-18 05:36:53,705 - INFO - Epoch 32, Train Loss: 0.5424, Train RMSE: 0.7390, Val RMSE: 0.7877, Test RMSE: 0.9647, Train MAE: 0.5425, Val MAE: 0.5589, Test MAE: 0.6259, Train R²: -0.0480, Val R²: -0.1597, Test R²: -0.1267
2024-09-18 05:37:36,556 - INFO - Epoch 33, Train Loss: 0.5425, Train RMSE: 0.7386, Val RMSE: 0.7869, Test RMSE: 0.9640, Train MAE: 0.5425, Val MAE: 0.5586, Test MAE: 0.6254, Train R²: -0.0466, Val R²: -0.1573, Test R²: -0.1250
2024-09-18 05:38:20,280 - INFO - Epoch 34, Train Loss: 0.5427, Train RMSE: 0.7390, Val RMSE: 0.7876, Test RMSE: 0.9646, Train MAE: 0.5425, Val MAE: 0.5589, Test MAE: 0.6259, Train R²: -0.0478, Val R²: -0.1594, Test R²: -0.1264
2024-09-18 05:39:03,909 - INFO - Epoch 35, Train Loss: 0.5423, Train RMSE: 0.7387, Val RMSE: 0.7872, Test RMSE: 0.9642, Train MAE: 0.5425, Val MAE: 0.5587, Test MAE: 0.6256, Train R²: -0.0470, Val R²: -0.1581, Test R²: -0.1255
2024-09-18 05:39:52,535 - INFO - Epoch 36, Train Loss: 0.5425, Train RMSE: 0.7383, Val RMSE: 0.7864, Test RMSE: 0.9636, Train MAE: 0.5425, Val MAE: 0.5584, Test MAE: 0.6251, Train R²: -0.0459, Val R²: -0.1560, Test R²: -0.1240
2024-09-18 05:40:55,491 - INFO - Epoch 37, Train Loss: 0.5425, Train RMSE: 0.7380, Val RMSE: 0.7859, Test RMSE: 0.9631, Train MAE: 0.5425, Val MAE: 0.5582, Test MAE: 0.6247, Train R²: -0.0450, Val R²: -0.1544, Test R²: -0.1229
2024-09-18 05:42:27,448 - INFO - Epoch 38, Train Loss: 0.5424, Train RMSE: 0.7386, Val RMSE: 0.7869, Test RMSE: 0.9640, Train MAE: 0.5425, Val MAE: 0.5586, Test MAE: 0.6254, Train R²: -0.0466, Val R²: -0.1573, Test R²: -0.1249
2024-09-18 05:45:47,891 - INFO - Epoch 39, Train Loss: 0.5426, Train RMSE: 0.7388, Val RMSE: 0.7873, Test RMSE: 0.9643, Train MAE: 0.5425, Val MAE: 0.5587, Test MAE: 0.6256, Train R²: -0.0472, Val R²: -0.1584, Test R²: -0.1258
2024-09-18 05:48:34,010 - INFO - Epoch 40, Train Loss: 0.5424, Train RMSE: 0.7383, Val RMSE: 0.7864, Test RMSE: 0.9635, Train MAE: 0.5425, Val MAE: 0.5584, Test MAE: 0.6251, Train R²: -0.0458, Val R²: -0.1559, Test R²: -0.1240
2024-09-18 05:50:20,322 - INFO - Epoch 41, Train Loss: 0.5424, Train RMSE: 0.7377, Val RMSE: 0.7854, Test RMSE: 0.9626, Train MAE: 0.5425, Val MAE: 0.5579, Test MAE: 0.6244, Train R²: -0.0442, Val R²: -0.1528, Test R²: -0.1217
2024-09-18 05:52:40,788 - INFO - Epoch 42, Train Loss: 0.5425, Train RMSE: 0.7386, Val RMSE: 0.7869, Test RMSE: 0.9640, Train MAE: 0.5425, Val MAE: 0.5586, Test MAE: 0.6254, Train R²: -0.0467, Val R²: -0.1574, Test R²: -0.1250
2024-09-18 05:56:50,194 - INFO - Epoch 43, Train Loss: 0.5425, Train RMSE: 0.7387, Val RMSE: 0.7871, Test RMSE: 0.9641, Train MAE: 0.5425, Val MAE: 0.5587, Test MAE: 0.6255, Train R²: -0.0469, Val R²: -0.1578, Test R²: -0.1254
2024-09-18 05:59:50,647 - INFO - Epoch 44, Train Loss: 0.5426, Train RMSE: 0.7382, Val RMSE: 0.7863, Test RMSE: 0.9635, Train MAE: 0.5425, Val MAE: 0.5583, Test MAE: 0.6250, Train R²: -0.0457, Val R²: -0.1556, Test R²: -0.1237
2024-09-18 06:01:37,352 - INFO - Epoch 45, Train Loss: 0.5425, Train RMSE: 0.7383, Val RMSE: 0.7864, Test RMSE: 0.9636, Train MAE: 0.5425, Val MAE: 0.5584, Test MAE: 0.6251, Train R²: -0.0459, Val R²: -0.1560, Test R²: -0.1240
2024-09-18 06:02:26,106 - INFO - Epoch 46, Train Loss: 0.5424, Train RMSE: 0.7377, Val RMSE: 0.7855, Test RMSE: 0.9627, Train MAE: 0.5425, Val MAE: 0.5580, Test MAE: 0.6245, Train R²: -0.0443, Val R²: -0.1531, Test R²: -0.1219
2024-09-18 06:03:48,729 - INFO - Epoch 47, Train Loss: 0.5424, Train RMSE: 0.7382, Val RMSE: 0.7863, Test RMSE: 0.9635, Train MAE: 0.5425, Val MAE: 0.5583, Test MAE: 0.6250, Train R²: -0.0457, Val R²: -0.1557, Test R²: -0.1238
2024-09-18 06:06:02,697 - INFO - Epoch 48, Train Loss: 0.5424, Train RMSE: 0.7382, Val RMSE: 0.7863, Test RMSE: 0.9634, Train MAE: 0.5425, Val MAE: 0.5583, Test MAE: 0.6250, Train R²: -0.0456, Val R²: -0.1555, Test R²: -0.1237
2024-09-18 06:07:53,579 - INFO - Epoch 49, Train Loss: 0.5425, Train RMSE: 0.7385, Val RMSE: 0.7867, Test RMSE: 0.9638, Train MAE: 0.5425, Val MAE: 0.5585, Test MAE: 0.6253, Train R²: -0.0463, Val R²: -0.1568, Test R²: -0.1246
2024-09-18 06:08:48,954 - INFO - Epoch 50, Train Loss: 0.5425, Train RMSE: 0.7386, Val RMSE: 0.7869, Test RMSE: 0.9640, Train MAE: 0.5425, Val MAE: 0.5586, Test MAE: 0.6254, Train R²: -0.0467, Val R²: -0.1574, Test R²: -0.1250
2024-09-18 06:12:28,264 - INFO - Epoch 51, Train Loss: 0.5424, Train RMSE: 0.7384, Val RMSE: 0.7866, Test RMSE: 0.9637, Train MAE: 0.5425, Val MAE: 0.5584, Test MAE: 0.6252, Train R²: -0.0461, Val R²: -0.1564, Test R²: -0.1243
2024-09-18 06:14:51,402 - INFO - Epoch 52, Train Loss: 0.5424, Train RMSE: 0.7384, Val RMSE: 0.7867, Test RMSE: 0.9638, Train MAE: 0.5425, Val MAE: 0.5585, Test MAE: 0.6252, Train R²: -0.0463, Val R²: -0.1567, Test R²: -0.1245
2024-09-18 06:16:10,352 - INFO - Epoch 53, Train Loss: 0.5421, Train RMSE: 0.7384, Val RMSE: 0.7865, Test RMSE: 0.9637, Train MAE: 0.5425, Val MAE: 0.5584, Test MAE: 0.6252, Train R²: -0.0461, Val R²: -0.1563, Test R²: -0.1243
2024-09-18 06:20:01,175 - INFO - Epoch 54, Train Loss: 0.5425, Train RMSE: 0.7384, Val RMSE: 0.7866, Test RMSE: 0.9637, Train MAE: 0.5425, Val MAE: 0.5584, Test MAE: 0.6252, Train R²: -0.0461, Val R²: -0.1563, Test R²: -0.1243
2024-09-18 06:22:05,242 - INFO - Epoch 55, Train Loss: 0.5425, Train RMSE: 0.7383, Val RMSE: 0.7864, Test RMSE: 0.9636, Train MAE: 0.5425, Val MAE: 0.5584, Test MAE: 0.6251, Train R²: -0.0459, Val R²: -0.1560, Test R²: -0.1240
2024-09-18 06:26:12,442 - INFO - Epoch 56, Train Loss: 0.5423, Train RMSE: 0.7387, Val RMSE: 0.7872, Test RMSE: 0.9642, Train MAE: 0.5425, Val MAE: 0.5587, Test MAE: 0.6256, Train R²: -0.0471, Val R²: -0.1581, Test R²: -0.1255
2024-09-18 06:27:58,257 - INFO - Epoch 57, Train Loss: 0.5426, Train RMSE: 0.7390, Val RMSE: 0.7877, Test RMSE: 0.9647, Train MAE: 0.5425, Val MAE: 0.5589, Test MAE: 0.6259, Train R²: -0.0479, Val R²: -0.1596, Test R²: -0.1266
2024-09-18 06:31:51,700 - INFO - Epoch 58, Train Loss: 0.5426, Train RMSE: 0.7387, Val RMSE: 0.7871, Test RMSE: 0.9642, Train MAE: 0.5425, Val MAE: 0.5587, Test MAE: 0.6255, Train R²: -0.0470, Val R²: -0.1579, Test R²: -0.1254
2024-09-18 06:33:52,265 - INFO - Epoch 59, Train Loss: 0.5425, Train RMSE: 0.7387, Val RMSE: 0.7872, Test RMSE: 0.9642, Train MAE: 0.5425, Val MAE: 0.5587, Test MAE: 0.6256, Train R²: -0.0471, Val R²: -0.1582, Test R²: -0.1256
2024-09-18 06:37:04,655 - INFO - Epoch 60, Train Loss: 0.5425, Train RMSE: 0.7388, Val RMSE: 0.7873, Test RMSE: 0.9643, Train MAE: 0.5425, Val MAE: 0.5587, Test MAE: 0.6257, Train R²: -0.0473, Val R²: -0.1585, Test R²: -0.1258
2024-09-18 06:38:51,566 - INFO - Epoch 61, Train Loss: 0.5426, Train RMSE: 0.7385, Val RMSE: 0.7869, Test RMSE: 0.9639, Train MAE: 0.5425, Val MAE: 0.5586, Test MAE: 0.6254, Train R²: -0.0466, Val R²: -0.1572, Test R²: -0.1249
2024-09-18 06:40:26,318 - INFO - Epoch 62, Train Loss: 0.5424, Train RMSE: 0.7382, Val RMSE: 0.7863, Test RMSE: 0.9635, Train MAE: 0.5425, Val MAE: 0.5583, Test MAE: 0.6250, Train R²: -0.0457, Val R²: -0.1557, Test R²: -0.1238
2024-09-18 06:42:34,495 - INFO - Epoch 63, Train Loss: 0.5422, Train RMSE: 0.7382, Val RMSE: 0.7863, Test RMSE: 0.9635, Train MAE: 0.5425, Val MAE: 0.5583, Test MAE: 0.6250, Train R²: -0.0457, Val R²: -0.1556, Test R²: -0.1238
2024-09-18 06:43:58,950 - INFO - Epoch 64, Train Loss: 0.5427, Train RMSE: 0.7381, Val RMSE: 0.7861, Test RMSE: 0.9633, Train MAE: 0.5425, Val MAE: 0.5583, Test MAE: 0.6249, Train R²: -0.0454, Val R²: -0.1551, Test R²: -0.1234
2024-09-18 06:45:39,163 - INFO - Epoch 65, Train Loss: 0.5425, Train RMSE: 0.7382, Val RMSE: 0.7862, Test RMSE: 0.9633, Train MAE: 0.5425, Val MAE: 0.5583, Test MAE: 0.6249, Train R²: -0.0455, Val R²: -0.1552, Test R²: -0.1235
2024-09-18 06:48:50,117 - INFO - Epoch 66, Train Loss: 0.5427, Train RMSE: 0.7382, Val RMSE: 0.7862, Test RMSE: 0.9633, Train MAE: 0.5425, Val MAE: 0.5583, Test MAE: 0.6249, Train R²: -0.0455, Val R²: -0.1552, Test R²: -0.1235
2024-09-18 06:51:39,134 - INFO - Epoch 67, Train Loss: 0.5423, Train RMSE: 0.7382, Val RMSE: 0.7863, Test RMSE: 0.9634, Train MAE: 0.5425, Val MAE: 0.5583, Test MAE: 0.6250, Train R²: -0.0456, Val R²: -0.1555, Test R²: -0.1237
2024-09-18 06:53:24,066 - INFO - Epoch 68, Train Loss: 0.5424, Train RMSE: 0.7383, Val RMSE: 0.7864, Test RMSE: 0.9635, Train MAE: 0.5425, Val MAE: 0.5583, Test MAE: 0.6250, Train R²: -0.0458, Val R²: -0.1557, Test R²: -0.1239
2024-09-18 06:54:53,254 - INFO - Epoch 69, Train Loss: 0.5424, Train RMSE: 0.7382, Val RMSE: 0.7863, Test RMSE: 0.9635, Train MAE: 0.5425, Val MAE: 0.5583, Test MAE: 0.6250, Train R²: -0.0457, Val R²: -0.1557, Test R²: -0.1238
2024-09-18 06:56:39,867 - INFO - Epoch 70, Train Loss: 0.5423, Train RMSE: 0.7382, Val RMSE: 0.7863, Test RMSE: 0.9634, Train MAE: 0.5425, Val MAE: 0.5583, Test MAE: 0.6250, Train R²: -0.0456, Val R²: -0.1555, Test R²: -0.1237
2024-09-18 06:58:40,720 - INFO - Epoch 71, Train Loss: 0.5426, Train RMSE: 0.7382, Val RMSE: 0.7862, Test RMSE: 0.9634, Train MAE: 0.5425, Val MAE: 0.5583, Test MAE: 0.6249, Train R²: -0.0455, Val R²: -0.1553, Test R²: -0.1235
2024-09-18 07:00:31,340 - INFO - Epoch 72, Train Loss: 0.5424, Train RMSE: 0.7381, Val RMSE: 0.7860, Test RMSE: 0.9632, Train MAE: 0.5425, Val MAE: 0.5582, Test MAE: 0.6248, Train R²: -0.0452, Val R²: -0.1547, Test R²: -0.1231
2024-09-18 07:04:10,067 - INFO - Epoch 73, Train Loss: 0.5424, Train RMSE: 0.7381, Val RMSE: 0.7860, Test RMSE: 0.9632, Train MAE: 0.5425, Val MAE: 0.5582, Test MAE: 0.6248, Train R²: -0.0452, Val R²: -0.1547, Test R²: -0.1231
2024-09-18 07:09:20,216 - INFO - Epoch 74, Train Loss: 0.5424, Train RMSE: 0.7380, Val RMSE: 0.7859, Test RMSE: 0.9631, Train MAE: 0.5425, Val MAE: 0.5582, Test MAE: 0.6247, Train R²: -0.0450, Val R²: -0.1544, Test R²: -0.1229
2024-09-18 07:14:21,845 - INFO - Epoch 75, Train Loss: 0.5425, Train RMSE: 0.7379, Val RMSE: 0.7858, Test RMSE: 0.9630, Train MAE: 0.5425, Val MAE: 0.5581, Test MAE: 0.6247, Train R²: -0.0449, Val R²: -0.1541, Test R²: -0.1227
2024-09-18 07:20:09,029 - INFO - Epoch 76, Train Loss: 0.5424, Train RMSE: 0.7379, Val RMSE: 0.7857, Test RMSE: 0.9629, Train MAE: 0.5425, Val MAE: 0.5581, Test MAE: 0.6246, Train R²: -0.0447, Val R²: -0.1539, Test R²: -0.1225
2024-09-18 07:22:31,561 - INFO - Epoch 77, Train Loss: 0.5427, Train RMSE: 0.7380, Val RMSE: 0.7859, Test RMSE: 0.9631, Train MAE: 0.5425, Val MAE: 0.5582, Test MAE: 0.6248, Train R²: -0.0450, Val R²: -0.1545, Test R²: -0.1229
2024-09-18 07:25:50,689 - INFO - Epoch 78, Train Loss: 0.5423, Train RMSE: 0.7380, Val RMSE: 0.7859, Test RMSE: 0.9631, Train MAE: 0.5425, Val MAE: 0.5582, Test MAE: 0.6247, Train R²: -0.0450, Val R²: -0.1544, Test R²: -0.1229
2024-09-18 07:30:18,444 - INFO - Epoch 79, Train Loss: 0.5424, Train RMSE: 0.7380, Val RMSE: 0.7859, Test RMSE: 0.9631, Train MAE: 0.5425, Val MAE: 0.5582, Test MAE: 0.6248, Train R²: -0.0451, Val R²: -0.1545, Test R²: -0.1230
2024-09-18 07:32:51,202 - INFO - Epoch 80, Train Loss: 0.5424, Train RMSE: 0.7380, Val RMSE: 0.7859, Test RMSE: 0.9631, Train MAE: 0.5425, Val MAE: 0.5581, Test MAE: 0.6247, Train R²: -0.0450, Val R²: -0.1543, Test R²: -0.1228
2024-09-18 07:34:42,487 - INFO - Epoch 81, Train Loss: 0.5426, Train RMSE: 0.7380, Val RMSE: 0.7858, Test RMSE: 0.9630, Train MAE: 0.5425, Val MAE: 0.5581, Test MAE: 0.6247, Train R²: -0.0449, Val R²: -0.1542, Test R²: -0.1227
2024-09-18 07:36:33,968 - INFO - Epoch 82, Train Loss: 0.5425, Train RMSE: 0.7380, Val RMSE: 0.7858, Test RMSE: 0.9630, Train MAE: 0.5425, Val MAE: 0.5581, Test MAE: 0.6247, Train R²: -0.0449, Val R²: -0.1542, Test R²: -0.1227
2024-09-18 07:38:20,300 - INFO - Epoch 83, Train Loss: 0.5425, Train RMSE: 0.7379, Val RMSE: 0.7858, Test RMSE: 0.9630, Train MAE: 0.5425, Val MAE: 0.5581, Test MAE: 0.6247, Train R²: -0.0448, Val R²: -0.1540, Test R²: -0.1226
2024-09-18 07:39:06,174 - INFO - Epoch 84, Train Loss: 0.5426, Train RMSE: 0.7379, Val RMSE: 0.7857, Test RMSE: 0.9629, Train MAE: 0.5425, Val MAE: 0.5580, Test MAE: 0.6246, Train R²: -0.0446, Val R²: -0.1537, Test R²: -0.1224
2024-09-18 07:39:46,869 - INFO - Epoch 85, Train Loss: 0.5425, Train RMSE: 0.7378, Val RMSE: 0.7856, Test RMSE: 0.9628, Train MAE: 0.5425, Val MAE: 0.5580, Test MAE: 0.6246, Train R²: -0.0446, Val R²: -0.1536, Test R²: -0.1223
2024-09-18 07:40:27,370 - INFO - Epoch 86, Train Loss: 0.5426, Train RMSE: 0.7378, Val RMSE: 0.7855, Test RMSE: 0.9628, Train MAE: 0.5425, Val MAE: 0.5580, Test MAE: 0.6245, Train R²: -0.0445, Val R²: -0.1534, Test R²: -0.1221
2024-09-18 07:41:08,375 - INFO - Epoch 87, Train Loss: 0.5423, Train RMSE: 0.7378, Val RMSE: 0.7855, Test RMSE: 0.9628, Train MAE: 0.5425, Val MAE: 0.5580, Test MAE: 0.6245, Train R²: -0.0444, Val R²: -0.1534, Test R²: -0.1221
2024-09-18 07:41:48,919 - INFO - Epoch 88, Train Loss: 0.5426, Train RMSE: 0.7378, Val RMSE: 0.7855, Test RMSE: 0.9627, Train MAE: 0.5425, Val MAE: 0.5580, Test MAE: 0.6245, Train R²: -0.0444, Val R²: -0.1533, Test R²: -0.1221
2024-09-18 07:42:30,032 - INFO - Epoch 89, Train Loss: 0.5425, Train RMSE: 0.7378, Val RMSE: 0.7855, Test RMSE: 0.9627, Train MAE: 0.5425, Val MAE: 0.5580, Test MAE: 0.6245, Train R²: -0.0444, Val R²: -0.1533, Test R²: -0.1221
2024-09-18 07:43:10,754 - INFO - Epoch 90, Train Loss: 0.5425, Train RMSE: 0.7378, Val RMSE: 0.7855, Test RMSE: 0.9627, Train MAE: 0.5425, Val MAE: 0.5580, Test MAE: 0.6245, Train R²: -0.0444, Val R²: -0.1533, Test R²: -0.1221
2024-09-18 07:43:51,710 - INFO - Epoch 91, Train Loss: 0.5426, Train RMSE: 0.7378, Val RMSE: 0.7855, Test RMSE: 0.9627, Train MAE: 0.5425, Val MAE: 0.5580, Test MAE: 0.6245, Train R²: -0.0444, Val R²: -0.1532, Test R²: -0.1220
2024-09-18 07:44:33,303 - INFO - Epoch 92, Train Loss: 0.5426, Train RMSE: 0.7378, Val RMSE: 0.7855, Test RMSE: 0.9628, Train MAE: 0.5425, Val MAE: 0.5580, Test MAE: 0.6245, Train R²: -0.0444, Val R²: -0.1533, Test R²: -0.1221
2024-09-18 07:45:14,883 - INFO - Epoch 93, Train Loss: 0.5422, Train RMSE: 0.7378, Val RMSE: 0.7856, Test RMSE: 0.9628, Train MAE: 0.5425, Val MAE: 0.5580, Test MAE: 0.6246, Train R²: -0.0445, Val R²: -0.1535, Test R²: -0.1222
2024-09-18 07:45:56,327 - INFO - Epoch 94, Train Loss: 0.5425, Train RMSE: 0.7378, Val RMSE: 0.7856, Test RMSE: 0.9628, Train MAE: 0.5425, Val MAE: 0.5580, Test MAE: 0.6246, Train R²: -0.0446, Val R²: -0.1535, Test R²: -0.1223
2024-09-18 07:46:37,949 - INFO - Epoch 95, Train Loss: 0.5426, Train RMSE: 0.7378, Val RMSE: 0.7856, Test RMSE: 0.9628, Train MAE: 0.5425, Val MAE: 0.5580, Test MAE: 0.6246, Train R²: -0.0445, Val R²: -0.1535, Test R²: -0.1222
2024-09-18 07:47:18,946 - INFO - Epoch 96, Train Loss: 0.5424, Train RMSE: 0.7378, Val RMSE: 0.7856, Test RMSE: 0.9628, Train MAE: 0.5425, Val MAE: 0.5580, Test MAE: 0.6245, Train R²: -0.0445, Val R²: -0.1534, Test R²: -0.1222
2024-09-18 07:48:01,551 - INFO - Epoch 97, Train Loss: 0.5428, Train RMSE: 0.7378, Val RMSE: 0.7855, Test RMSE: 0.9628, Train MAE: 0.5425, Val MAE: 0.5580, Test MAE: 0.6245, Train R²: -0.0444, Val R²: -0.1533, Test R²: -0.1221
2024-09-18 07:48:43,757 - INFO - Epoch 98, Train Loss: 0.5424, Train RMSE: 0.7378, Val RMSE: 0.7855, Test RMSE: 0.9627, Train MAE: 0.5425, Val MAE: 0.5580, Test MAE: 0.6245, Train R²: -0.0444, Val R²: -0.1532, Test R²: -0.1221
2024-09-18 07:49:25,397 - INFO - Epoch 99, Train Loss: 0.5425, Train RMSE: 0.7378, Val RMSE: 0.7855, Test RMSE: 0.9627, Train MAE: 0.5425, Val MAE: 0.5580, Test MAE: 0.6245, Train R²: -0.0443, Val R²: -0.1532, Test R²: -0.1220
2024-09-18 07:50:08,763 - INFO - Epoch 100, Train Loss: 0.5422, Train RMSE: 0.7378, Val RMSE: 0.7855, Test RMSE: 0.9627, Train MAE: 0.5425, Val MAE: 0.5580, Test MAE: 0.6245, Train R²: -0.0443, Val R²: -0.1532, Test R²: -0.1220
Traceback (most recent call last):
  File "/u/mbanisharifdehkordi/Github/GNN_4_IO/gnn_training121.py", line 476, in <module>
    
  File "/u/mbanisharifdehkordi/Github/GNN_4_IO/gnn_training121.py", line 370, in train
    # Always update logs and charts at the end of training
TypeError: save_plots() takes 7 positional arguments but 11 were given
