Traceback (most recent call last):
  File "/u/mbanisharifdehkordi/Github/GNN_4_IO/gnn_training104.py", line 238, in <module>
    train_ddp(rank, world_size, model, train_loader, test_loader, criterion, optimizer, scheduler, num_epochs, checkpoint_path, update_logs_and_charts=False)
  File "/u/mbanisharifdehkordi/Github/GNN_4_IO/gnn_training104.py", line 133, in train_ddp
    setup(rank, world_size)
  File "/u/mbanisharifdehkordi/Github/GNN_4_IO/gnn_training104.py", line 49, in setup
    dist.init_process_group(backend="nccl", init_method="env://", rank=rank, world_size=world_size)
  File "/u/mbanisharifdehkordi/env4/lib/python3.9/site-packages/torch/distributed/c10d_logger.py", line 79, in wrapper
    return func(*args, **kwargs)
  File "/u/mbanisharifdehkordi/env4/lib/python3.9/site-packages/torch/distributed/c10d_logger.py", line 93, in wrapper
    func_return = func(*args, **kwargs)
  File "/u/mbanisharifdehkordi/env4/lib/python3.9/site-packages/torch/distributed/distributed_c10d.py", line 1361, in init_process_group
    store, rank, world_size = next(rendezvous_iterator)
  File "/u/mbanisharifdehkordi/env4/lib/python3.9/site-packages/torch/distributed/rendezvous.py", line 254, in _env_rendezvous_handler
    master_addr = _get_env_or_raise("MASTER_ADDR")
  File "/u/mbanisharifdehkordi/env4/lib/python3.9/site-packages/torch/distributed/rendezvous.py", line 231, in _get_env_or_raise
    raise _env_error(env_var)
ValueError: Error initializing torch.distributed using env:// rendezvous: environment variable MASTER_ADDR expected, but not set
Traceback (most recent call last):
  File "/u/mbanisharifdehkordi/Github/GNN_4_IO/gnn_training104.py", line 238, in <module>
    train_ddp(rank, world_size, model, train_loader, test_loader, criterion, optimizer, scheduler, num_epochs, checkpoint_path, update_logs_and_charts=False)
  File "/u/mbanisharifdehkordi/Github/GNN_4_IO/gnn_training104.py", line 133, in train_ddp
    setup(rank, world_size)
  File "/u/mbanisharifdehkordi/Github/GNN_4_IO/gnn_training104.py", line 49, in setup
    dist.init_process_group(backend="nccl", init_method="env://", rank=rank, world_size=world_size)
  File "/u/mbanisharifdehkordi/env4/lib/python3.9/site-packages/torch/distributed/c10d_logger.py", line 79, in wrapper
    return func(*args, **kwargs)
  File "/u/mbanisharifdehkordi/env4/lib/python3.9/site-packages/torch/distributed/c10d_logger.py", line 93, in wrapper
    func_return = func(*args, **kwargs)
  File "/u/mbanisharifdehkordi/env4/lib/python3.9/site-packages/torch/distributed/distributed_c10d.py", line 1361, in init_process_group
    store, rank, world_size = next(rendezvous_iterator)
  File "/u/mbanisharifdehkordi/env4/lib/python3.9/site-packages/torch/distributed/rendezvous.py", line 254, in _env_rendezvous_handler
    master_addr = _get_env_or_raise("MASTER_ADDR")
  File "/u/mbanisharifdehkordi/env4/lib/python3.9/site-packages/torch/distributed/rendezvous.py", line 231, in _get_env_or_raise
    raise _env_error(env_var)
ValueError: Error initializing torch.distributed using env:// rendezvous: environment variable MASTER_ADDR expected, but not set
Traceback (most recent call last):
  File "/u/mbanisharifdehkordi/Github/GNN_4_IO/gnn_training104.py", line 238, in <module>
    train_ddp(rank, world_size, model, train_loader, test_loader, criterion, optimizer, scheduler, num_epochs, checkpoint_path, update_logs_and_charts=False)
  File "/u/mbanisharifdehkordi/Github/GNN_4_IO/gnn_training104.py", line 133, in train_ddp
    setup(rank, world_size)
  File "/u/mbanisharifdehkordi/Github/GNN_4_IO/gnn_training104.py", line 49, in setup
    dist.init_process_group(backend="nccl", init_method="env://", rank=rank, world_size=world_size)
  File "/u/mbanisharifdehkordi/env4/lib/python3.9/site-packages/torch/distributed/c10d_logger.py", line 79, in wrapper
    return func(*args, **kwargs)
  File "/u/mbanisharifdehkordi/env4/lib/python3.9/site-packages/torch/distributed/c10d_logger.py", line 93, in wrapper
    func_return = func(*args, **kwargs)
  File "/u/mbanisharifdehkordi/env4/lib/python3.9/site-packages/torch/distributed/distributed_c10d.py", line 1361, in init_process_group
    store, rank, world_size = next(rendezvous_iterator)
  File "/u/mbanisharifdehkordi/env4/lib/python3.9/site-packages/torch/distributed/rendezvous.py", line 254, in _env_rendezvous_handler
    master_addr = _get_env_or_raise("MASTER_ADDR")
  File "/u/mbanisharifdehkordi/env4/lib/python3.9/site-packages/torch/distributed/rendezvous.py", line 231, in _get_env_or_raise
    raise _env_error(env_var)
ValueError: Error initializing torch.distributed using env:// rendezvous: environment variable MASTER_ADDR expected, but not set
Traceback (most recent call last):
  File "/u/mbanisharifdehkordi/Github/GNN_4_IO/gnn_training104.py", line 238, in <module>
    train_ddp(rank, world_size, model, train_loader, test_loader, criterion, optimizer, scheduler, num_epochs, checkpoint_path, update_logs_and_charts=False)
  File "/u/mbanisharifdehkordi/Github/GNN_4_IO/gnn_training104.py", line 133, in train_ddp
    setup(rank, world_size)
  File "/u/mbanisharifdehkordi/Github/GNN_4_IO/gnn_training104.py", line 49, in setup
    dist.init_process_group(backend="nccl", init_method="env://", rank=rank, world_size=world_size)
  File "/u/mbanisharifdehkordi/env4/lib/python3.9/site-packages/torch/distributed/c10d_logger.py", line 79, in wrapper
    return func(*args, **kwargs)
  File "/u/mbanisharifdehkordi/env4/lib/python3.9/site-packages/torch/distributed/c10d_logger.py", line 93, in wrapper
    func_return = func(*args, **kwargs)
  File "/u/mbanisharifdehkordi/env4/lib/python3.9/site-packages/torch/distributed/distributed_c10d.py", line 1361, in init_process_group
    store, rank, world_size = next(rendezvous_iterator)
  File "/u/mbanisharifdehkordi/env4/lib/python3.9/site-packages/torch/distributed/rendezvous.py", line 254, in _env_rendezvous_handler
    master_addr = _get_env_or_raise("MASTER_ADDR")
  File "/u/mbanisharifdehkordi/env4/lib/python3.9/site-packages/torch/distributed/rendezvous.py", line 231, in _get_env_or_raise
    raise _env_error(env_var)
ValueError: Error initializing torch.distributed using env:// rendezvous: environment variable MASTER_ADDR expected, but not set
srun: error: gpuc03: task 3: Exited with exit code 1
srun: error: gpuc03: task 2: Exited with exit code 1
srun: error: gpuc02: task 1: Exited with exit code 1
srun: error: gpuc02: task 0: Exited with exit code 1
